0 verbose cli C:\Program Files\nodejs\node.exe C:\Program Files\nodejs\node_modules\npm\bin\npm-cli.js
1 info using npm@10.2.4
2 info using node@v20.11.1
3 timing npm:load:whichnode Completed in 1ms
4 timing config:load:defaults Completed in 2ms
5 timing config:load:file:C:\Program Files\nodejs\node_modules\npm\npmrc Completed in 5ms
6 timing config:load:builtin Completed in 5ms
7 timing config:load:cli Completed in 2ms
8 timing config:load:env Completed in 1ms
9 timing config:load:file:C:\Users\adnan\OneDrive\Masaüstü\codingprojects\vibe code\3d-agario\.npmrc Completed in 0ms
10 timing config:load:project Completed in 3ms
11 timing config:load:file:C:\Users\adnan\.npmrc Completed in 0ms
12 timing config:load:user Completed in 0ms
13 timing config:load:file:C:\Users\adnan\AppData\Roaming\npm\etc\npmrc Completed in 1ms
14 timing config:load:global Completed in 1ms
15 timing config:load:setEnvs Completed in 1ms
16 timing config:load Completed in 15ms
17 timing npm:load:configload Completed in 16ms
18 timing config:load:flatten Completed in 3ms
19 timing npm:load:mkdirpcache Completed in 0ms
20 timing npm:load:mkdirplogs Completed in 0ms
21 verbose title npm install date-fns
22 verbose argv "install" "date-fns" "--legacy-peer-deps"
23 timing npm:load:setTitle Completed in 0ms
24 timing npm:load:display Completed in 1ms
25 verbose logfile logs-max:10 dir:C:\Users\adnan\OneDrive\Masaüstü\codingprojects\vibe code\3d-agario\npm-cache\_logs\2025-03-15T20_55_42_887Z-
26 verbose logfile C:\Users\adnan\OneDrive\Masaüstü\codingprojects\vibe code\3d-agario\npm-cache\_logs\2025-03-15T20_55_42_887Z-debug-0.log
27 timing npm:load:logFile Completed in 10ms
28 timing npm:load:timers Completed in 0ms
29 timing npm:load:configScope Completed in 0ms
30 timing npm:load Completed in 62ms
31 timing arborist:ctor Completed in 0ms
32 silly logfile start cleaning logs, removing 2 files
33 silly logfile done cleaning log files
34 timing idealTree:init Completed in 641ms
35 timing idealTree:userRequests Completed in 2ms
36 silly idealTree buildDeps
37 silly fetch manifest date-fns@4.1.0
38 timing arborist:ctor Completed in 0ms
39 http fetch GET 200 https://registry.npmjs.org/date-fns 350ms (cache hit)
40 silly placeDep ROOT date-fns@4.1.0 REPLACE for: my-v0-project@0.1.0 want: 4.1.0
41 timing idealTree:#root Completed in 372ms
42 timing idealTree:node_modules/date-fns Completed in 0ms
43 timing idealTree:buildDeps Completed in 372ms
44 timing idealTree:fixDepFlags Completed in 15ms
45 timing idealTree Completed in 1041ms
46 timing reify:loadTrees Completed in 1042ms
47 timing reify:diffTrees Completed in 49ms
48 silly reify mark retired [
48 silly reify   'C:\\Users\\adnan\\OneDrive\\Masaüstü\\codingprojects\\vibe code\\3d-agario\\node_modules\\@babel\\plugin-bugfix-firefox-class-in-computed-class-key'
48 silly reify ]
49 silly reify mark retired [
49 silly reify   'C:\\Users\\adnan\\OneDrive\\Masaüstü\\codingprojects\\vibe code\\3d-agario\\node_modules\\@babel\\plugin-bugfix-safari-class-field-initializer-scope'
49 silly reify ]
50 silly reify mark retired [
50 silly reify   'C:\\Users\\adnan\\OneDrive\\Masaüstü\\codingprojects\\vibe code\\3d-agario\\node_modules\\@babel\\plugin-bugfix-safari-id-destructuring-collision-in-function-expression'
50 silly reify ]
51 silly reify mark retired [
51 silly reify   'C:\\Users\\adnan\\OneDrive\\Masaüstü\\codingprojects\\vibe code\\3d-agario\\node_modules\\@babel\\plugin-bugfix-v8-spread-parameters-in-optional-chaining'
51 silly reify ]
52 silly reify mark retired [
52 silly reify   'C:\\Users\\adnan\\OneDrive\\Masaüstü\\codingprojects\\vibe code\\3d-agario\\node_modules\\@babel\\plugin-bugfix-v8-static-class-fields-redefine-readonly'
52 silly reify ]
53 silly reify mark retired [
53 silly reify   'C:\\Users\\adnan\\OneDrive\\Masaüstü\\codingprojects\\vibe code\\3d-agario\\node_modules\\@babel\\plugin-proposal-private-property-in-object'
53 silly reify ]
54 silly reify mark retired [
54 silly reify   'C:\\Users\\adnan\\OneDrive\\Masaüstü\\codingprojects\\vibe code\\3d-agario\\node_modules\\@babel\\plugin-syntax-import-assertions'
54 silly reify ]
55 silly reify mark retired [
55 silly reify   'C:\\Users\\adnan\\OneDrive\\Masaüstü\\codingprojects\\vibe code\\3d-agario\\node_modules\\@babel\\plugin-syntax-unicode-sets-regex'
55 silly reify ]
56 silly reify mark retired [
56 silly reify   'C:\\Users\\adnan\\OneDrive\\Masaüstü\\codingprojects\\vibe code\\3d-agario\\node_modules\\@babel\\plugin-transform-block-scoped-functions'
56 silly reify ]
57 silly reify mark retired [
57 silly reify   'C:\\Users\\adnan\\OneDrive\\Masaüstü\\codingprojects\\vibe code\\3d-agario\\node_modules\\@babel\\plugin-transform-class-static-block'
57 silly reify ]
58 silly reify mark retired [
58 silly reify   'C:\\Users\\adnan\\OneDrive\\Masaüstü\\codingprojects\\vibe code\\3d-agario\\node_modules\\@babel\\plugin-transform-dotall-regex'
58 silly reify ]
59 silly reify mark retired [
59 silly reify   'C:\\Users\\adnan\\OneDrive\\Masaüstü\\codingprojects\\vibe code\\3d-agario\\node_modules\\@babel\\plugin-transform-duplicate-keys'
59 silly reify ]
60 silly reify mark retired [
60 silly reify   'C:\\Users\\adnan\\OneDrive\\Masaüstü\\codingprojects\\vibe code\\3d-agario\\node_modules\\@babel\\plugin-transform-duplicate-named-capturing-groups-regex'
60 silly reify ]
61 silly reify mark retired [
61 silly reify   'C:\\Users\\adnan\\OneDrive\\Masaüstü\\codingprojects\\vibe code\\3d-agario\\node_modules\\@babel\\plugin-transform-dynamic-import'
61 silly reify ]
62 silly reify mark retired [
62 silly reify   'C:\\Users\\adnan\\OneDrive\\Masaüstü\\codingprojects\\vibe code\\3d-agario\\node_modules\\@babel\\plugin-transform-exponentiation-operator'
62 silly reify ]
63 silly reify mark retired [
63 silly reify   'C:\\Users\\adnan\\OneDrive\\Masaüstü\\codingprojects\\vibe code\\3d-agario\\node_modules\\@babel\\plugin-transform-json-strings'
63 silly reify ]
64 silly reify mark retired [
64 silly reify   'C:\\Users\\adnan\\OneDrive\\Masaüstü\\codingprojects\\vibe code\\3d-agario\\node_modules\\@babel\\plugin-transform-member-expression-literals'
64 silly reify ]
65 silly reify mark retired [
65 silly reify   'C:\\Users\\adnan\\OneDrive\\Masaüstü\\codingprojects\\vibe code\\3d-agario\\node_modules\\@babel\\plugin-transform-modules-amd'
65 silly reify ]
66 silly reify mark retired [
66 silly reify   'C:\\Users\\adnan\\OneDrive\\Masaüstü\\codingprojects\\vibe code\\3d-agario\\node_modules\\@babel\\plugin-transform-modules-systemjs'
66 silly reify ]
67 silly reify mark retired [
67 silly reify   'C:\\Users\\adnan\\OneDrive\\Masaüstü\\codingprojects\\vibe code\\3d-agario\\node_modules\\@babel\\plugin-transform-modules-umd'
67 silly reify ]
68 silly reify mark retired [
68 silly reify   'C:\\Users\\adnan\\OneDrive\\Masaüstü\\codingprojects\\vibe code\\3d-agario\\node_modules\\@babel\\plugin-transform-new-target'
68 silly reify ]
69 silly reify mark retired [
69 silly reify   'C:\\Users\\adnan\\OneDrive\\Masaüstü\\codingprojects\\vibe code\\3d-agario\\node_modules\\@babel\\plugin-transform-object-super'
69 silly reify ]
70 silly reify mark retired [
70 silly reify   'C:\\Users\\adnan\\OneDrive\\Masaüstü\\codingprojects\\vibe code\\3d-agario\\node_modules\\@babel\\plugin-transform-property-literals'
70 silly reify ]
71 silly reify mark retired [
71 silly reify   'C:\\Users\\adnan\\OneDrive\\Masaüstü\\codingprojects\\vibe code\\3d-agario\\node_modules\\@babel\\plugin-transform-regexp-modifiers'
71 silly reify ]
72 silly reify mark retired [
72 silly reify   'C:\\Users\\adnan\\OneDrive\\Masaüstü\\codingprojects\\vibe code\\3d-agario\\node_modules\\@babel\\plugin-transform-reserved-words'
72 silly reify ]
73 silly reify mark retired [
73 silly reify   'C:\\Users\\adnan\\OneDrive\\Masaüstü\\codingprojects\\vibe code\\3d-agario\\node_modules\\@babel\\plugin-transform-template-literals'
73 silly reify ]
74 silly reify mark retired [
74 silly reify   'C:\\Users\\adnan\\OneDrive\\Masaüstü\\codingprojects\\vibe code\\3d-agario\\node_modules\\@babel\\plugin-transform-typeof-symbol'
74 silly reify ]
75 silly reify mark retired [
75 silly reify   'C:\\Users\\adnan\\OneDrive\\Masaüstü\\codingprojects\\vibe code\\3d-agario\\node_modules\\@babel\\plugin-transform-unicode-escapes'
75 silly reify ]
76 silly reify mark retired [
76 silly reify   'C:\\Users\\adnan\\OneDrive\\Masaüstü\\codingprojects\\vibe code\\3d-agario\\node_modules\\@babel\\plugin-transform-unicode-property-regex'
76 silly reify ]
77 silly reify mark retired [
77 silly reify   'C:\\Users\\adnan\\OneDrive\\Masaüstü\\codingprojects\\vibe code\\3d-agario\\node_modules\\@babel\\plugin-transform-unicode-sets-regex'
77 silly reify ]
78 silly reify mark retired [
78 silly reify   'C:\\Users\\adnan\\OneDrive\\Masaüstü\\codingprojects\\vibe code\\3d-agario\\node_modules\\@babel\\preset-env'
78 silly reify ]
79 silly reify mark retired [
79 silly reify   'C:\\Users\\adnan\\OneDrive\\Masaüstü\\codingprojects\\vibe code\\3d-agario\\node_modules\\@babel\\preset-modules'
79 silly reify ]
80 silly reify mark retired [
80 silly reify   'C:\\Users\\adnan\\OneDrive\\Masaüstü\\codingprojects\\vibe code\\3d-agario\\node_modules\\esutils'
80 silly reify ]
81 silly reify moves {
81 silly reify   'C:\\Users\\adnan\\OneDrive\\Masaüstü\\codingprojects\\vibe code\\3d-agario\\node_modules\\@babel\\plugin-bugfix-firefox-class-in-computed-class-key': 'C:\\Users\\adnan\\OneDrive\\Masaüstü\\codingprojects\\vibe code\\3d-agario\\node_modules\\@babel\\.plugin-bugfix-firefox-class-in-computed-class-key-2K7u4bnq',
81 silly reify   'C:\\Users\\adnan\\OneDrive\\Masaüstü\\codingprojects\\vibe code\\3d-agario\\node_modules\\@babel\\plugin-bugfix-safari-class-field-initializer-scope': 'C:\\Users\\adnan\\OneDrive\\Masaüstü\\codingprojects\\vibe code\\3d-agario\\node_modules\\@babel\\.plugin-bugfix-safari-class-field-initializer-scope-RMz2SH2W',
81 silly reify   'C:\\Users\\adnan\\OneDrive\\Masaüstü\\codingprojects\\vibe code\\3d-agario\\node_modules\\@babel\\plugin-bugfix-safari-id-destructuring-collision-in-function-expression': 'C:\\Users\\adnan\\OneDrive\\Masaüstü\\codingprojects\\vibe code\\3d-agario\\node_modules\\@babel\\.plugin-bugfix-safari-id-destructuring-collision-in-function-expression-NlzZVB5f',
81 silly reify   'C:\\Users\\adnan\\OneDrive\\Masaüstü\\codingprojects\\vibe code\\3d-agario\\node_modules\\@babel\\plugin-bugfix-v8-spread-parameters-in-optional-chaining': 'C:\\Users\\adnan\\OneDrive\\Masaüstü\\codingprojects\\vibe code\\3d-agario\\node_modules\\@babel\\.plugin-bugfix-v8-spread-parameters-in-optional-chaining-8jBdymri',
81 silly reify   'C:\\Users\\adnan\\OneDrive\\Masaüstü\\codingprojects\\vibe code\\3d-agario\\node_modules\\@babel\\plugin-bugfix-v8-static-class-fields-redefine-readonly': 'C:\\Users\\adnan\\OneDrive\\Masaüstü\\codingprojects\\vibe code\\3d-agario\\node_modules\\@babel\\.plugin-bugfix-v8-static-class-fields-redefine-readonly-KCaCW6XY',
81 silly reify   'C:\\Users\\adnan\\OneDrive\\Masaüstü\\codingprojects\\vibe code\\3d-agario\\node_modules\\@babel\\plugin-proposal-private-property-in-object': 'C:\\Users\\adnan\\OneDrive\\Masaüstü\\codingprojects\\vibe code\\3d-agario\\node_modules\\@babel\\.plugin-proposal-private-property-in-object-EoFWMMvy',
81 silly reify   'C:\\Users\\adnan\\OneDrive\\Masaüstü\\codingprojects\\vibe code\\3d-agario\\node_modules\\@babel\\plugin-syntax-import-assertions': 'C:\\Users\\adnan\\OneDrive\\Masaüstü\\codingprojects\\vibe code\\3d-agario\\node_modules\\@babel\\.plugin-syntax-import-assertions-fjDCnTrL',
81 silly reify   'C:\\Users\\adnan\\OneDrive\\Masaüstü\\codingprojects\\vibe code\\3d-agario\\node_modules\\@babel\\plugin-syntax-unicode-sets-regex': 'C:\\Users\\adnan\\OneDrive\\Masaüstü\\codingprojects\\vibe code\\3d-agario\\node_modules\\@babel\\.plugin-syntax-unicode-sets-regex-4a1iA7I0',
81 silly reify   'C:\\Users\\adnan\\OneDrive\\Masaüstü\\codingprojects\\vibe code\\3d-agario\\node_modules\\@babel\\plugin-transform-block-scoped-functions': 'C:\\Users\\adnan\\OneDrive\\Masaüstü\\codingprojects\\vibe code\\3d-agario\\node_modules\\@babel\\.plugin-transform-block-scoped-functions-H7ho9lFW',
81 silly reify   'C:\\Users\\adnan\\OneDrive\\Masaüstü\\codingprojects\\vibe code\\3d-agario\\node_modules\\@babel\\plugin-transform-class-static-block': 'C:\\Users\\adnan\\OneDrive\\Masaüstü\\codingprojects\\vibe code\\3d-agario\\node_modules\\@babel\\.plugin-transform-class-static-block-vQ9iuzBg',
81 silly reify   'C:\\Users\\adnan\\OneDrive\\Masaüstü\\codingprojects\\vibe code\\3d-agario\\node_modules\\@babel\\plugin-transform-dotall-regex': 'C:\\Users\\adnan\\OneDrive\\Masaüstü\\codingprojects\\vibe code\\3d-agario\\node_modules\\@babel\\.plugin-transform-dotall-regex-7jHKWV6Q',
81 silly reify   'C:\\Users\\adnan\\OneDrive\\Masaüstü\\codingprojects\\vibe code\\3d-agario\\node_modules\\@babel\\plugin-transform-duplicate-keys': 'C:\\Users\\adnan\\OneDrive\\Masaüstü\\codingprojects\\vibe code\\3d-agario\\node_modules\\@babel\\.plugin-transform-duplicate-keys-QYdeNB9o',
81 silly reify   'C:\\Users\\adnan\\OneDrive\\Masaüstü\\codingprojects\\vibe code\\3d-agario\\node_modules\\@babel\\plugin-transform-duplicate-named-capturing-groups-regex': 'C:\\Users\\adnan\\OneDrive\\Masaüstü\\codingprojects\\vibe code\\3d-agario\\node_modules\\@babel\\.plugin-transform-duplicate-named-capturing-groups-regex-TD2dFDAw',
81 silly reify   'C:\\Users\\adnan\\OneDrive\\Masaüstü\\codingprojects\\vibe code\\3d-agario\\node_modules\\@babel\\plugin-transform-dynamic-import': 'C:\\Users\\adnan\\OneDrive\\Masaüstü\\codingprojects\\vibe code\\3d-agario\\node_modules\\@babel\\.plugin-transform-dynamic-import-zC7Fslkx',
81 silly reify   'C:\\Users\\adnan\\OneDrive\\Masaüstü\\codingprojects\\vibe code\\3d-agario\\node_modules\\@babel\\plugin-transform-exponentiation-operator': 'C:\\Users\\adnan\\OneDrive\\Masaüstü\\codingprojects\\vibe code\\3d-agario\\node_modules\\@babel\\.plugin-transform-exponentiation-operator-PVyPMor3',
81 silly reify   'C:\\Users\\adnan\\OneDrive\\Masaüstü\\codingprojects\\vibe code\\3d-agario\\node_modules\\@babel\\plugin-transform-json-strings': 'C:\\Users\\adnan\\OneDrive\\Masaüstü\\codingprojects\\vibe code\\3d-agario\\node_modules\\@babel\\.plugin-transform-json-strings-lzaEgVle',
81 silly reify   'C:\\Users\\adnan\\OneDrive\\Masaüstü\\codingprojects\\vibe code\\3d-agario\\node_modules\\@babel\\plugin-transform-member-expression-literals': 'C:\\Users\\adnan\\OneDrive\\Masaüstü\\codingprojects\\vibe code\\3d-agario\\node_modules\\@babel\\.plugin-transform-member-expression-literals-NaanWZKI',
81 silly reify   'C:\\Users\\adnan\\OneDrive\\Masaüstü\\codingprojects\\vibe code\\3d-agario\\node_modules\\@babel\\plugin-transform-modules-amd': 'C:\\Users\\adnan\\OneDrive\\Masaüstü\\codingprojects\\vibe code\\3d-agario\\node_modules\\@babel\\.plugin-transform-modules-amd-uy53OQsI',
81 silly reify   'C:\\Users\\adnan\\OneDrive\\Masaüstü\\codingprojects\\vibe code\\3d-agario\\node_modules\\@babel\\plugin-transform-modules-systemjs': 'C:\\Users\\adnan\\OneDrive\\Masaüstü\\codingprojects\\vibe code\\3d-agario\\node_modules\\@babel\\.plugin-transform-modules-systemjs-JMsnCnfj',
81 silly reify   'C:\\Users\\adnan\\OneDrive\\Masaüstü\\codingprojects\\vibe code\\3d-agario\\node_modules\\@babel\\plugin-transform-modules-umd': 'C:\\Users\\adnan\\OneDrive\\Masaüstü\\codingprojects\\vibe code\\3d-agario\\node_modules\\@babel\\.plugin-transform-modules-umd-SbC4ybGH',
81 silly reify   'C:\\Users\\adnan\\OneDrive\\Masaüstü\\codingprojects\\vibe code\\3d-agario\\node_modules\\@babel\\plugin-transform-new-target': 'C:\\Users\\adnan\\OneDrive\\Masaüstü\\codingprojects\\vibe code\\3d-agario\\node_modules\\@babel\\.plugin-transform-new-target-M8jhGVuP',
81 silly reify   'C:\\Users\\adnan\\OneDrive\\Masaüstü\\codingprojects\\vibe code\\3d-agario\\node_modules\\@babel\\plugin-transform-object-super': 'C:\\Users\\adnan\\OneDrive\\Masaüstü\\codingprojects\\vibe code\\3d-agario\\node_modules\\@babel\\.plugin-transform-object-super-WGqHxuD6',
81 silly reify   'C:\\Users\\adnan\\OneDrive\\Masaüstü\\codingprojects\\vibe code\\3d-agario\\node_modules\\@babel\\plugin-transform-property-literals': 'C:\\Users\\adnan\\OneDrive\\Masaüstü\\codingprojects\\vibe code\\3d-agario\\node_modules\\@babel\\.plugin-transform-property-literals-75vxgVyz',
81 silly reify   'C:\\Users\\adnan\\OneDrive\\Masaüstü\\codingprojects\\vibe code\\3d-agario\\node_modules\\@babel\\plugin-transform-regexp-modifiers': 'C:\\Users\\adnan\\OneDrive\\Masaüstü\\codingprojects\\vibe code\\3d-agario\\node_modules\\@babel\\.plugin-transform-regexp-modifiers-YHd6MswL',
81 silly reify   'C:\\Users\\adnan\\OneDrive\\Masaüstü\\codingprojects\\vibe code\\3d-agario\\node_modules\\@babel\\plugin-transform-reserved-words': 'C:\\Users\\adnan\\OneDrive\\Masaüstü\\codingprojects\\vibe code\\3d-agario\\node_modules\\@babel\\.plugin-transform-reserved-words-YqfwKMyh',
81 silly reify   'C:\\Users\\adnan\\OneDrive\\Masaüstü\\codingprojects\\vibe code\\3d-agario\\node_modules\\@babel\\plugin-transform-template-literals': 'C:\\Users\\adnan\\OneDrive\\Masaüstü\\codingprojects\\vibe code\\3d-agario\\node_modules\\@babel\\.plugin-transform-template-literals-s5Lyt3gK',
81 silly reify   'C:\\Users\\adnan\\OneDrive\\Masaüstü\\codingprojects\\vibe code\\3d-agario\\node_modules\\@babel\\plugin-transform-typeof-symbol': 'C:\\Users\\adnan\\OneDrive\\Masaüstü\\codingprojects\\vibe code\\3d-agario\\node_modules\\@babel\\.plugin-transform-typeof-symbol-WmsTzTnp',
81 silly reify   'C:\\Users\\adnan\\OneDrive\\Masaüstü\\codingprojects\\vibe code\\3d-agario\\node_modules\\@babel\\plugin-transform-unicode-escapes': 'C:\\Users\\adnan\\OneDrive\\Masaüstü\\codingprojects\\vibe code\\3d-agario\\node_modules\\@babel\\.plugin-transform-unicode-escapes-2JykVSW3',
81 silly reify   'C:\\Users\\adnan\\OneDrive\\Masaüstü\\codingprojects\\vibe code\\3d-agario\\node_modules\\@babel\\plugin-transform-unicode-property-regex': 'C:\\Users\\adnan\\OneDrive\\Masaüstü\\codingprojects\\vibe code\\3d-agario\\node_modules\\@babel\\.plugin-transform-unicode-property-regex-cdmBXiu5',
81 silly reify   'C:\\Users\\adnan\\OneDrive\\Masaüstü\\codingprojects\\vibe code\\3d-agario\\node_modules\\@babel\\plugin-transform-unicode-sets-regex': 'C:\\Users\\adnan\\OneDrive\\Masaüstü\\codingprojects\\vibe code\\3d-agario\\node_modules\\@babel\\.plugin-transform-unicode-sets-regex-W7rutRbH',
81 silly reify   'C:\\Users\\adnan\\OneDrive\\Masaüstü\\codingprojects\\vibe code\\3d-agario\\node_modules\\@babel\\preset-env': 'C:\\Users\\adnan\\OneDrive\\Masaüstü\\codingprojects\\vibe code\\3d-agario\\node_modules\\@babel\\.preset-env-7D7LaZmX',
81 silly reify   'C:\\Users\\adnan\\OneDrive\\Masaüstü\\codingprojects\\vibe code\\3d-agario\\node_modules\\@babel\\preset-modules': 'C:\\Users\\adnan\\OneDrive\\Masaüstü\\codingprojects\\vibe code\\3d-agario\\node_modules\\@babel\\.preset-modules-oLsLPNOb',
81 silly reify   'C:\\Users\\adnan\\OneDrive\\Masaüstü\\codingprojects\\vibe code\\3d-agario\\node_modules\\esutils': 'C:\\Users\\adnan\\OneDrive\\Masaüstü\\codingprojects\\vibe code\\3d-agario\\node_modules\\.esutils-g8dB3h6M'
81 silly reify }
82 timing reify:retireShallow Completed in 39ms
83 timing reify:createSparse Completed in 7ms
84 timing reify:loadBundles Completed in 0ms
85 silly audit bulk request {
85 silly audit   '@0no-co/graphql.web': [ '1.1.2' ],
85 silly audit   '@alloc/quick-lru': [ '5.2.0' ],
85 silly audit   '@ampproject/remapping': [ '2.3.0' ],
85 silly audit   '@babel/code-frame': [ '7.10.4', '7.26.2' ],
85 silly audit   '@babel/compat-data': [ '7.26.8' ],
85 silly audit   '@babel/core': [ '7.26.10' ],
85 silly audit   semver: [ '6.3.1', '5.7.2', '7.7.1' ],
85 silly audit   '@babel/generator': [ '7.26.10' ],
85 silly audit   '@babel/helper-annotate-as-pure': [ '7.25.9' ],
85 silly audit   '@babel/helper-compilation-targets': [ '7.26.5' ],
85 silly audit   '@babel/helper-create-class-features-plugin': [ '7.26.9' ],
85 silly audit   '@babel/helper-create-regexp-features-plugin': [ '7.26.3' ],
85 silly audit   '@babel/helper-define-polyfill-provider': [ '0.6.3' ],
85 silly audit   '@babel/helper-member-expression-to-functions': [ '7.25.9' ],
85 silly audit   '@babel/helper-module-imports': [ '7.25.9' ],
85 silly audit   '@babel/helper-module-transforms': [ '7.26.0' ],
85 silly audit   '@babel/helper-optimise-call-expression': [ '7.25.9' ],
85 silly audit   '@babel/helper-plugin-utils': [ '7.26.5' ],
85 silly audit   '@babel/helper-remap-async-to-generator': [ '7.25.9' ],
85 silly audit   '@babel/helper-replace-supers': [ '7.26.5' ],
85 silly audit   '@babel/helper-skip-transparent-expression-wrappers': [ '7.25.9' ],
85 silly audit   '@babel/helper-string-parser': [ '7.25.9' ],
85 silly audit   '@babel/helper-validator-identifier': [ '7.25.9' ],
85 silly audit   '@babel/helper-validator-option': [ '7.25.9' ],
85 silly audit   '@babel/helper-wrap-function': [ '7.25.9' ],
85 silly audit   '@babel/helpers': [ '7.26.10' ],
85 silly audit   '@babel/highlight': [ '7.25.9' ],
85 silly audit   'ansi-styles': [ '3.2.1', '6.2.1', '4.3.0', '5.2.0' ],
85 silly audit   chalk: [ '2.4.2', '4.1.2' ],
85 silly audit   'color-convert': [ '1.9.3', '2.0.1' ],
85 silly audit   'color-name': [ '1.1.3', '1.1.4' ],
85 silly audit   'escape-string-regexp': [ '1.0.5', '4.0.0', '2.0.0' ],
85 silly audit   'has-flag': [ '3.0.0', '4.0.0' ],
85 silly audit   'supports-color': [ '5.5.0', '8.1.1', '7.2.0' ],
85 silly audit   '@babel/parser': [ '7.26.10' ],
85 silly audit   '@babel/plugin-proposal-class-properties': [ '7.18.6' ],
85 silly audit   '@babel/plugin-proposal-decorators': [ '7.25.9' ],
85 silly audit   '@babel/plugin-proposal-export-default-from': [ '7.25.9' ],
85 silly audit   '@babel/plugin-proposal-nullish-coalescing-operator': [ '7.18.6' ],
85 silly audit   '@babel/plugin-proposal-optional-chaining': [ '7.21.0' ],
85 silly audit   '@babel/plugin-syntax-async-generators': [ '7.8.4' ],
85 silly audit   '@babel/plugin-syntax-bigint': [ '7.8.3' ],
85 silly audit   '@babel/plugin-syntax-class-properties': [ '7.12.13' ],
85 silly audit   '@babel/plugin-syntax-class-static-block': [ '7.14.5' ],
85 silly audit   '@babel/plugin-syntax-decorators': [ '7.25.9' ],
85 silly audit   '@babel/plugin-syntax-dynamic-import': [ '7.8.3' ],
85 silly audit   '@babel/plugin-syntax-export-default-from': [ '7.25.9' ],
85 silly audit   '@babel/plugin-syntax-flow': [ '7.26.0' ],
85 silly audit   '@babel/plugin-syntax-import-attributes': [ '7.26.0' ],
85 silly audit   '@babel/plugin-syntax-import-meta': [ '7.10.4' ],
85 silly audit   '@babel/plugin-syntax-json-strings': [ '7.8.3' ],
85 silly audit   '@babel/plugin-syntax-jsx': [ '7.25.9' ],
85 silly audit   '@babel/plugin-syntax-logical-assignment-operators': [ '7.10.4' ],
85 silly audit   '@babel/plugin-syntax-nullish-coalescing-operator': [ '7.8.3' ],
85 silly audit   '@babel/plugin-syntax-numeric-separator': [ '7.10.4' ],
85 silly audit   '@babel/plugin-syntax-object-rest-spread': [ '7.8.3' ],
85 silly audit   '@babel/plugin-syntax-optional-catch-binding': [ '7.8.3' ],
85 silly audit   '@babel/plugin-syntax-optional-chaining': [ '7.8.3' ],
85 silly audit   '@babel/plugin-syntax-private-property-in-object': [ '7.14.5' ],
85 silly audit   '@babel/plugin-syntax-top-level-await': [ '7.14.5' ],
85 silly audit   '@babel/plugin-syntax-typescript': [ '7.25.9' ],
85 silly audit   '@babel/plugin-transform-arrow-functions': [ '7.25.9' ],
85 silly audit   '@babel/plugin-transform-async-generator-functions': [ '7.26.8' ],
85 silly audit   '@babel/plugin-transform-async-to-generator': [ '7.25.9' ],
85 silly audit   '@babel/plugin-transform-block-scoping': [ '7.25.9' ],
85 silly audit   '@babel/plugin-transform-class-properties': [ '7.25.9' ],
85 silly audit   '@babel/plugin-transform-classes': [ '7.25.9' ],
85 silly audit   '@babel/plugin-transform-computed-properties': [ '7.25.9' ],
85 silly audit   '@babel/plugin-transform-destructuring': [ '7.25.9' ],
85 silly audit   '@babel/plugin-transform-export-namespace-from': [ '7.25.9' ],
85 silly audit   '@babel/plugin-transform-flow-strip-types': [ '7.26.5' ],
85 silly audit   '@babel/plugin-transform-for-of': [ '7.26.9' ],
85 silly audit   '@babel/plugin-transform-function-name': [ '7.25.9' ],
85 silly audit   '@babel/plugin-transform-literals': [ '7.25.9' ],
85 silly audit   '@babel/plugin-transform-logical-assignment-operators': [ '7.25.9' ],
85 silly audit   '@babel/plugin-transform-modules-commonjs': [ '7.26.3' ],
85 silly audit   '@babel/plugin-transform-named-capturing-groups-regex': [ '7.25.9' ],
85 silly audit   '@babel/plugin-transform-nullish-coalescing-operator': [ '7.26.6' ],
85 silly audit   '@babel/plugin-transform-numeric-separator': [ '7.25.9' ],
85 silly audit   '@babel/plugin-transform-object-rest-spread': [ '7.25.9' ],
85 silly audit   '@babel/plugin-transform-optional-catch-binding': [ '7.25.9' ],
85 silly audit   '@babel/plugin-transform-optional-chaining': [ '7.25.9' ],
85 silly audit   '@babel/plugin-transform-parameters': [ '7.25.9' ],
85 silly audit   '@babel/plugin-transform-private-methods': [ '7.25.9' ],
85 silly audit   '@babel/plugin-transform-private-property-in-object': [ '7.25.9' ],
85 silly audit   '@babel/plugin-transform-react-display-name': [ '7.25.9' ],
85 silly audit   '@babel/plugin-transform-react-jsx': [ '7.25.9' ],
85 silly audit   '@babel/plugin-transform-react-jsx-development': [ '7.25.9' ],
85 silly audit   '@babel/plugin-transform-react-jsx-self': [ '7.25.9' ],
85 silly audit   '@babel/plugin-transform-react-jsx-source': [ '7.25.9' ],
85 silly audit   '@babel/plugin-transform-react-pure-annotations': [ '7.25.9' ],
85 silly audit   '@babel/plugin-transform-regenerator': [ '7.25.9' ],
85 silly audit   '@babel/plugin-transform-runtime': [ '7.26.10' ],
85 silly audit   '@babel/plugin-transform-shorthand-properties': [ '7.25.9' ],
85 silly audit   '@babel/plugin-transform-spread': [ '7.25.9' ],
85 silly audit   '@babel/plugin-transform-sticky-regex': [ '7.25.9' ],
85 silly audit   '@babel/plugin-transform-typescript': [ '7.26.8' ],
85 silly audit   '@babel/plugin-transform-unicode-regex': [ '7.25.9' ],
85 silly audit   '@babel/preset-flow': [ '7.25.9' ],
85 silly audit   '@babel/preset-react': [ '7.26.3' ],
85 silly audit   '@babel/preset-typescript': [ '7.26.0' ],
85 silly audit   '@babel/register': [ '7.25.9' ],
85 silly audit   '@babel/runtime': [ '7.26.10' ],
85 silly audit   '@babel/template': [ '7.26.9' ],
85 silly audit   '@babel/traverse': [ '7.26.10' ],
85 silly audit   '@babel/types': [ '7.26.10' ],
85 silly audit   '@emnapi/runtime': [ '1.3.1' ],
85 silly audit   '@expo/bunyan': [ '4.0.1' ],
85 silly audit   uuid: [ '8.3.2', '11.1.0', '7.0.3' ],
85 silly audit   '@expo/cli': [ '0.22.20' ],
85 silly audit   '@expo/code-signing-certificates': [ '0.0.5' ],
85 silly audit   '@expo/config': [ '10.0.11' ],
85 silly audit   '@expo/config-plugins': [ '9.0.17' ],
85 silly audit   '@expo/config-types': [ '52.0.5' ],
85 silly audit   '@expo/devcert': [ '1.1.4' ],
85 silly audit   debug: [ '3.2.7', '2.6.9', '4.4.0', '4.3.7' ],
85 silly audit   '@expo/env': [ '0.4.2' ],
85 silly audit   '@expo/fingerprint': [ '0.11.11' ],
85 silly audit   '@expo/image-utils': [ '0.6.5' ],
85 silly audit   'fs-extra': [ '9.0.0', '9.1.0', '8.1.0' ],
85 silly audit   jsonfile: [ '6.1.0', '4.0.0' ],
85 silly audit   universalify: [ '2.0.1', '1.0.0', '0.1.2' ],
85 silly audit   '@expo/json-file': [ '9.0.2' ],
85 silly audit   '@expo/metro-config': [ '0.19.12' ],
85 silly audit   postcss: [ '8.4.49', '8.4.31', '8.5.3' ],
85 silly audit   '@expo/osascript': [ '2.1.6' ],
85 silly audit   '@expo/package-manager': [ '1.7.2' ],
85 silly audit   'sudo-prompt': [ '9.1.1', '8.2.5' ],
85 silly audit   '@expo/plist': [ '0.2.2' ],
85 silly audit   '@expo/prebuild-config': [ '8.0.29' ],
85 silly audit   '@expo/rudder-sdk-node': [ '1.1.1' ],
85 silly audit   '@expo/sdk-runtime-versions': [ '1.0.0' ],
85 silly audit   '@expo/spawn-async': [ '1.7.2' ],
85 silly audit   '@expo/vector-icons': [ '14.0.4' ],
85 silly audit   '@expo/ws-tunnel': [ '1.0.6' ],
85 silly audit   '@expo/xcpretty': [ '4.3.2' ],
85 silly audit   argparse: [ '2.0.1', '1.0.10' ],
85 silly audit   'js-yaml': [ '4.1.0', '3.14.1' ],
85 silly audit   '@floating-ui/core': [ '1.6.9' ],
85 silly audit   '@floating-ui/dom': [ '1.6.13' ],
85 silly audit   '@floating-ui/react-dom': [ '2.1.2' ],
85 silly audit   '@floating-ui/utils': [ '0.2.9' ],
85 silly audit   '@hookform/resolvers': [ '3.10.0' ],
85 silly audit   '@img/sharp-win32-x64': [ '0.33.5' ],
85 silly audit   '@isaacs/cliui': [ '8.0.2' ],
85 silly audit   'wrap-ansi': [ '8.1.0', '7.0.0' ],
85 silly audit   '@isaacs/ttlcache': [ '1.4.1' ],
85 silly audit   '@istanbuljs/load-nyc-config': [ '1.1.0' ],
85 silly audit   'find-up': [ '4.1.0', '5.0.0', '3.0.0' ],
85 silly audit   'locate-path': [ '5.0.0', '6.0.0', '3.0.0' ],
85 silly audit   'p-limit': [ '2.3.0', '3.1.0' ],
85 silly audit   'p-locate': [ '4.1.0', '5.0.0', '3.0.0' ],
85 silly audit   '@istanbuljs/schema': [ '0.1.3' ],
85 silly audit   '@jest/create-cache-key-function': [ '29.7.0' ],
85 silly audit   '@jest/environment': [ '29.7.0' ],
85 silly audit   '@jest/fake-timers': [ '29.7.0' ],
85 silly audit   '@jest/schemas': [ '29.6.3' ],
85 silly audit   '@jest/transform': [ '29.7.0' ],
85 silly audit   'signal-exit': [ '3.0.7', '4.1.0' ],
85 silly audit   'write-file-atomic': [ '4.0.2', '5.0.1', '2.4.3' ],
85 silly audit   '@jest/types': [ '29.6.3' ],
85 silly audit   '@jridgewell/gen-mapping': [ '0.3.8' ],
85 silly audit   '@jridgewell/resolve-uri': [ '3.1.2' ],
85 silly audit   '@jridgewell/set-array': [ '1.2.1' ],
85 silly audit   '@jridgewell/source-map': [ '0.3.6' ],
85 silly audit   '@jridgewell/sourcemap-codec': [ '1.5.0' ],
85 silly audit   '@jridgewell/trace-mapping': [ '0.3.25' ],
85 silly audit   '@mediapipe/tasks-vision': [ '0.10.17' ],
85 silly audit   '@monogrid/gainmap-js': [ '3.1.0' ],
85 silly audit   '@next/env': [ '15.2.2' ],
85 silly audit   '@next/swc-darwin-arm64': [ '15.2.2' ],
85 silly audit   '@next/swc-darwin-x64': [ '15.2.2' ],
85 silly audit   '@next/swc-linux-arm64-gnu': [ '15.2.2' ],
85 silly audit   '@next/swc-linux-arm64-musl': [ '15.2.2' ],
85 silly audit   '@next/swc-linux-x64-gnu': [ '15.2.2' ],
85 silly audit   '@next/swc-linux-x64-musl': [ '15.2.2' ],
85 silly audit   '@next/swc-win32-arm64-msvc': [ '15.2.2' ],
85 silly audit   '@next/swc-win32-x64-msvc': [ '15.2.2' ],
85 silly audit   '@nodelib/fs.scandir': [ '2.1.5' ],
85 silly audit   '@nodelib/fs.stat': [ '2.0.5' ],
85 silly audit   '@nodelib/fs.walk': [ '1.2.8' ],
85 silly audit   '@npmcli/fs': [ '3.1.1' ],
85 silly audit   '@pkgjs/parseargs': [ '0.11.0' ],
85 silly audit   '@radix-ui/number': [ '1.1.0' ],
85 silly audit   '@radix-ui/primitive': [ '1.1.1' ],
85 silly audit   '@radix-ui/react-accordion': [ '1.2.3' ],
85 silly audit   '@radix-ui/react-alert-dialog': [ '1.1.6' ],
85 silly audit   '@radix-ui/react-arrow': [ '1.1.2' ],
85 silly audit   '@radix-ui/react-aspect-ratio': [ '1.1.2' ],
85 silly audit   '@radix-ui/react-avatar': [ '1.1.3' ],
85 silly audit   '@radix-ui/react-checkbox': [ '1.1.4' ],
85 silly audit   '@radix-ui/react-collapsible': [ '1.1.3' ],
85 silly audit   '@radix-ui/react-collection': [ '1.1.2' ],
85 silly audit   '@radix-ui/react-compose-refs': [ '1.1.1' ],
85 silly audit   '@radix-ui/react-context': [ '1.1.1' ],
85 silly audit   '@radix-ui/react-context-menu': [ '2.2.6' ],
85 silly audit   '@radix-ui/react-dialog': [ '1.1.6' ],
85 silly audit   '@radix-ui/react-direction': [ '1.1.0' ],
85 silly audit   '@radix-ui/react-dismissable-layer': [ '1.1.5' ],
85 silly audit   '@radix-ui/react-dropdown-menu': [ '2.1.6' ],
85 silly audit   '@radix-ui/react-focus-guards': [ '1.1.1' ],
85 silly audit   '@radix-ui/react-focus-scope': [ '1.1.2' ],
85 silly audit   '@radix-ui/react-hover-card': [ '1.1.6' ],
85 silly audit   '@radix-ui/react-id': [ '1.1.0' ],
85 silly audit   '@radix-ui/react-label': [ '2.1.2' ],
85 silly audit   '@radix-ui/react-menu': [ '2.1.6' ],
85 silly audit   '@radix-ui/react-menubar': [ '1.1.6' ],
85 silly audit   '@radix-ui/react-navigation-menu': [ '1.2.5' ],
85 silly audit   '@radix-ui/react-popover': [ '1.1.6' ],
85 silly audit   '@radix-ui/react-popper': [ '1.2.2' ],
85 silly audit   '@radix-ui/react-portal': [ '1.1.4' ],
85 silly audit   '@radix-ui/react-presence': [ '1.1.2' ],
85 silly audit   '@radix-ui/react-primitive': [ '2.0.2' ],
85 silly audit   '@radix-ui/react-progress': [ '1.1.2' ],
85 silly audit   '@radix-ui/react-radio-group': [ '1.2.3' ],
85 silly audit   '@radix-ui/react-roving-focus': [ '1.1.2' ],
85 silly audit   '@radix-ui/react-scroll-area': [ '1.2.3' ],
85 silly audit   '@radix-ui/react-select': [ '2.1.6' ],
85 silly audit   '@radix-ui/react-separator': [ '1.1.2' ],
85 silly audit   '@radix-ui/react-slider': [ '1.2.3' ],
85 silly audit   '@radix-ui/react-slot': [ '1.1.2' ],
85 silly audit   '@radix-ui/react-switch': [ '1.1.3' ],
85 silly audit   '@radix-ui/react-tabs': [ '1.1.3' ],
85 silly audit   '@radix-ui/react-toast': [ '1.2.6' ],
85 silly audit   '@radix-ui/react-toggle': [ '1.1.2' ],
85 silly audit   '@radix-ui/react-toggle-group': [ '1.1.2' ],
85 silly audit   '@radix-ui/react-tooltip': [ '1.1.8' ],
85 silly audit   '@radix-ui/react-use-callback-ref': [ '1.1.0' ],
85 silly audit   '@radix-ui/react-use-controllable-state': [ '1.1.0' ],
85 silly audit   '@radix-ui/react-use-escape-keydown': [ '1.1.0' ],
85 silly audit   '@radix-ui/react-use-layout-effect': [ '1.1.0' ],
85 silly audit   '@radix-ui/react-use-previous': [ '1.1.0' ],
85 silly audit   '@radix-ui/react-use-rect': [ '1.1.0' ],
85 silly audit   '@radix-ui/react-use-size': [ '1.1.0' ],
85 silly audit   '@radix-ui/react-visually-hidden': [ '1.1.2' ],
85 silly audit   '@radix-ui/rect': [ '1.1.0' ],
85 silly audit   '@react-native/assets-registry': [ '0.78.0' ],
85 silly audit   '@react-native/babel-plugin-codegen': [ '0.76.7', '0.78.0' ],
85 silly audit   '@react-native/babel-preset': [ '0.76.7', '0.78.0' ],
85 silly audit   '@react-native/codegen': [ '0.76.7', '0.78.0' ],
85 silly audit   glob: [ '7.2.3', '10.4.5' ],
85 silly audit   '@react-native/community-cli-plugin': [ '0.78.0' ],
85 silly audit   '@react-native/debugger-frontend': [ '0.78.0', '0.76.7' ],
85 silly audit   '@react-native/dev-middleware': [ '0.78.0', '0.76.7' ],
85 silly audit   ms: [ '2.0.0', '2.1.3' ],
85 silly audit   ws: [ '6.2.3', '8.17.1', '7.5.10', '8.18.1' ],
85 silly audit   '@react-native/gradle-plugin': [ '0.78.0' ],
85 silly audit   '@react-native/js-polyfills': [ '0.78.0' ],
85 silly audit   '@react-native/metro-babel-transformer': [ '0.78.0' ],
85 silly audit   'ast-types': [ '0.16.1', '0.15.2' ],
85 silly audit   'hermes-estree': [ '0.25.1', '0.23.1' ],
85 silly audit   'hermes-parser': [ '0.25.1', '0.23.1' ],
85 silly audit   jscodeshift: [ '17.1.2', '0.14.0' ],
85 silly audit   recast: [ '0.23.11', '0.21.5' ],
85 silly audit   'source-map': [ '0.6.1', '0.5.7' ],
85 silly audit   tmp: [ '0.2.3', '0.0.33' ],
85 silly audit   '@react-native/normalize-colors': [ '0.76.7', '0.78.0' ],
85 silly audit   '@react-native/virtualized-lists': [ '0.78.0' ],
85 silly audit   '@react-three/drei': [ '10.0.4' ],
85 silly audit   '@react-three/fiber': [ '9.1.0' ],
85 silly audit   '@react-three/postprocessing': [ '3.0.4' ],
85 silly audit   maath: [ '0.6.0', '0.10.8' ],
85 silly audit   '@segment/loosely-validate-event': [ '2.0.0' ],
85 silly audit   '@sinclair/typebox': [ '0.27.8' ],
85 silly audit   '@sinonjs/commons': [ '3.0.1' ],
85 silly audit   '@sinonjs/fake-timers': [ '10.3.0' ],
85 silly audit   '@socket.io/component-emitter': [ '3.1.2' ],
85 silly audit   '@swc/counter': [ '0.1.3' ],
85 silly audit   '@swc/helpers': [ '0.5.15' ],
85 silly audit   '@tweenjs/tween.js': [ '23.1.3' ],
85 silly audit   '@types/babel__core': [ '7.20.5' ],
85 silly audit   '@types/babel__generator': [ '7.6.8' ],
85 silly audit   '@types/babel__template': [ '7.4.4' ],
85 silly audit   '@types/babel__traverse': [ '7.20.6' ],
85 silly audit   '@types/cors': [ '2.8.17' ],
85 silly audit   '@types/d3-array': [ '3.2.1' ],
85 silly audit   '@types/d3-color': [ '3.1.3' ],
85 silly audit   '@types/d3-ease': [ '3.0.2' ],
85 silly audit   '@types/d3-interpolate': [ '3.0.4' ],
85 silly audit   '@types/d3-path': [ '3.1.1' ],
85 silly audit   '@types/d3-scale': [ '4.0.9' ],
85 silly audit   '@types/d3-shape': [ '3.1.7' ],
85 silly audit   '@types/d3-time': [ '3.0.4' ],
85 silly audit   '@types/d3-timer': [ '3.0.2' ],
85 silly audit   '@types/draco3d': [ '1.4.10' ],
85 silly audit   '@types/graceful-fs': [ '4.1.9' ],
85 silly audit   '@types/istanbul-lib-coverage': [ '2.0.6' ],
85 silly audit   '@types/istanbul-lib-report': [ '3.0.3' ],
85 silly audit   '@types/istanbul-reports': [ '3.0.4' ],
85 silly audit   '@types/node': [ '22.13.10' ],
85 silly audit   '@types/node-forge': [ '1.3.11' ],
85 silly audit   '@types/offscreencanvas': [ '2019.7.3' ],
85 silly audit   '@types/react': [ '19.0.10' ],
85 silly audit   '@types/react-dom': [ '19.0.4' ],
85 silly audit   '@types/react-reconciler': [ '0.28.9' ],
85 silly audit   '@types/stack-utils': [ '2.0.3' ],
85 silly audit   '@types/stats.js': [ '0.17.3' ],
85 silly audit   '@types/three': [ '0.174.0' ],
85 silly audit   '@types/webxr': [ '0.5.21' ],
85 silly audit   '@types/yargs': [ '17.0.33' ],
85 silly audit   '@types/yargs-parser': [ '21.0.3' ],
85 silly audit   '@urql/core': [ '5.1.1' ],
85 silly audit   '@urql/exchange-retry': [ '1.3.1' ],
85 silly audit   '@use-gesture/core': [ '10.3.1' ],
85 silly audit   '@use-gesture/react': [ '10.3.1' ],
85 silly audit   '@webgpu/types': [ '0.1.56' ],
85 silly audit   '@xmldom/xmldom': [ '0.7.13', '0.8.10' ],
85 silly audit   'abort-controller': [ '3.0.0' ],
85 silly audit   accepts: [ '1.3.8' ],
85 silly audit   acorn: [ '8.14.1' ],
85 silly audit   'aggregate-error': [ '3.1.0' ],
85 silly audit   anser: [ '1.4.10' ],
85 silly audit   'ansi-escapes': [ '4.3.2' ],
85 silly audit   'ansi-regex': [ '5.0.1', '4.1.1', '6.1.0' ],
85 silly audit   'any-promise': [ '1.3.0' ],
85 silly audit   anymatch: [ '3.1.3' ],
85 silly audit   picomatch: [ '2.3.1', '3.0.1' ],
85 silly audit   'application-config-path': [ '0.1.1' ],
85 silly audit   arg: [ '5.0.2' ],
85 silly audit   'aria-hidden': [ '1.2.4' ],
85 silly audit   'array-union': [ '2.1.0' ],
85 silly audit   asap: [ '2.0.6' ],
85 silly audit   'async-limiter': [ '1.0.1' ],
85 silly audit   asynckit: [ '0.4.0' ],
85 silly audit   'at-least-node': [ '1.0.0' ],
85 silly audit   autoprefixer: [ '10.4.21' ],
85 silly audit   'babel-core': [ '7.0.0-bridge.0' ],
85 silly audit   'babel-jest': [ '29.7.0' ],
85 silly audit   'babel-plugin-istanbul': [ '6.1.1' ],
85 silly audit   'babel-plugin-jest-hoist': [ '29.6.3' ],
85 silly audit   'babel-plugin-polyfill-corejs2': [ '0.4.12' ],
85 silly audit   'babel-plugin-polyfill-corejs3': [ '0.11.1' ],
85 silly audit   'babel-plugin-polyfill-regenerator': [ '0.6.3' ],
85 silly audit   'babel-plugin-react-native-web': [ '0.19.13' ],
85 silly audit   'babel-plugin-syntax-hermes-parser': [ '0.25.1' ],
85 silly audit   'babel-plugin-transform-flow-enums': [ '0.0.2' ],
85 silly audit   'babel-preset-current-node-syntax': [ '1.1.0' ],
85 silly audit   'babel-preset-expo': [ '12.0.9' ],
85 silly audit   'babel-preset-jest': [ '29.6.3' ],
85 silly audit   'balanced-match': [ '1.0.2' ],
85 silly audit   'base64-js': [ '1.5.1' ],
85 silly audit   base64id: [ '2.0.0' ],
85 silly audit   'better-opn': [ '3.0.2' ],
85 silly audit   open: [ '8.4.2', '7.4.2' ],
85 silly audit   'bidi-js': [ '1.0.3' ],
85 silly audit   'big-integer': [ '1.6.52' ],
85 silly audit   'binary-extensions': [ '2.3.0' ],
85 silly audit   'bplist-creator': [ '0.0.7', '0.1.0' ],
85 silly audit   'bplist-parser': [ '0.3.2', '0.3.1' ],
85 silly audit   'brace-expansion': [ '1.1.11', '2.0.1' ],
85 silly audit   braces: [ '3.0.3' ],
85 silly audit   browserslist: [ '4.24.4' ],
85 silly audit   bser: [ '2.1.1' ],
85 silly audit   buffer: [ '6.0.3', '5.7.1' ],
85 silly audit   'buffer-alloc': [ '1.2.0' ],
85 silly audit   'buffer-alloc-unsafe': [ '1.1.0' ],
85 silly audit   'buffer-fill': [ '1.0.0' ],
85 silly audit   'buffer-from': [ '1.1.2' ],
85 silly audit   busboy: [ '1.6.0' ],
85 silly audit   bytes: [ '3.1.2' ],
85 silly audit   cacache: [ '18.0.4' ],
85 silly audit   'lru-cache': [ '10.4.3', '5.1.1' ],
85 silly audit   'call-bind-apply-helpers': [ '1.0.2' ],
85 silly audit   'caller-callsite': [ '2.0.0' ],
85 silly audit   'caller-path': [ '2.0.0' ],
85 silly audit   callsites: [ '2.0.0' ],
85 silly audit   camelcase: [ '5.3.1', '6.3.0' ],
85 silly audit   'camelcase-css': [ '2.0.1' ],
85 silly audit   'camera-controls': [ '2.10.0' ],
85 silly audit   'caniuse-lite': [ '1.0.30001704' ],
85 silly audit   charenc: [ '0.0.2' ],
85 silly audit   chokidar: [ '3.6.0' ],
85 silly audit   fsevents: [ '2.3.3' ],
85 silly audit   chownr: [ '2.0.0' ],
85 silly audit   'chrome-launcher': [ '0.15.2' ],
85 silly audit   'chromium-edge-launcher': [ '0.2.0' ],
85 silly audit   mkdirp: [ '1.0.4', '0.5.6' ],
85 silly audit   'ci-info': [ '3.9.0', '2.0.0' ],
85 silly audit   'class-variance-authority': [ '0.7.1' ],
85 silly audit   'clean-stack': [ '2.2.0' ],
85 silly audit   'cli-cursor': [ '2.1.0' ],
85 silly audit   'cli-spinners': [ '2.9.2' ],
85 silly audit   'client-only': [ '0.0.1' ],
85 silly audit   cliui: [ '8.0.1' ],
85 silly audit   'emoji-regex': [ '8.0.0', '9.2.2' ],
85 silly audit   'string-width': [ '4.2.3', '5.1.2' ],
85 silly audit   'strip-ansi': [ '6.0.1', '5.2.0', '7.1.0' ],
85 silly audit   clone: [ '1.0.4' ],
85 silly audit   'clone-deep': [ '4.0.1' ],
85 silly audit   clsx: [ '2.1.1' ],
85 silly audit   cmdk: [ '1.0.4' ],
85 silly audit   color: [ '4.2.3' ],
85 silly audit   'color-string': [ '1.9.1' ],
85 silly audit   'combined-stream': [ '1.0.8' ],
85 silly audit   'command-exists': [ '1.2.9' ],
85 silly audit   commander: [ '7.2.0', '12.1.0', '4.1.1', '2.20.3' ],
85 silly audit   commondir: [ '1.0.1' ],
85 silly audit   'component-type': [ '1.2.2' ],
85 silly audit   compressible: [ '2.0.18' ],
85 silly audit   compression: [ '1.8.0' ],
85 silly audit   negotiator: [ '0.6.4', '0.6.3' ],
85 silly audit   'concat-map': [ '0.0.1' ],
85 silly audit   connect: [ '3.7.0' ],
85 silly audit   'convert-source-map': [ '2.0.0' ],
85 silly audit   cookie: [ '0.7.2' ],
85 silly audit   'core-js-compat': [ '3.41.0' ],
85 silly audit   cors: [ '2.8.5' ],
85 silly audit   cosmiconfig: [ '5.2.1' ],
85 silly audit   'cross-env': [ '7.0.3' ],
85 silly audit   'cross-fetch': [ '3.2.0' ],
85 silly audit   'cross-spawn': [ '7.0.6', '6.0.6' ],
85 silly audit   crypt: [ '0.0.2' ],
85 silly audit   'crypto-random-string': [ '2.0.0' ],
85 silly audit   cssesc: [ '3.0.0' ],
85 silly audit   csstype: [ '3.1.3' ],
85 silly audit   'd3-array': [ '3.2.4' ],
85 silly audit   'd3-color': [ '3.1.0' ],
85 silly audit   'd3-ease': [ '3.0.1' ],
85 silly audit   'd3-format': [ '3.1.0' ],
85 silly audit   'd3-interpolate': [ '3.0.1' ],
85 silly audit   'd3-path': [ '3.1.0' ],
85 silly audit   'd3-scale': [ '4.0.2' ],
85 silly audit   'd3-shape': [ '3.2.0' ],
85 silly audit   'd3-time': [ '3.1.0' ],
85 silly audit   'd3-time-format': [ '4.1.0' ],
85 silly audit   'd3-timer': [ '3.0.1' ],
85 silly audit   'decimal.js-light': [ '2.5.1' ],
85 silly audit   'deep-extend': [ '0.6.0' ],
85 silly audit   deepmerge: [ '4.3.1' ],
85 silly audit   'default-gateway': [ '4.2.0' ],
85 silly audit   defaults: [ '1.0.4' ],
85 silly audit   'define-lazy-prop': [ '2.0.0' ],
85 silly audit   del: [ '6.1.1' ],
85 silly audit   'delayed-stream': [ '1.0.0' ],
85 silly audit   depd: [ '2.0.0' ],
85 silly audit   destroy: [ '1.2.0' ],
85 silly audit   'detect-gpu': [ '5.0.70' ],
85 silly audit   'detect-libc': [ '1.0.3', '2.0.3' ],
85 silly audit   'detect-node-es': [ '1.1.0' ],
85 silly audit   didyoumean: [ '1.2.2' ],
85 silly audit   'dir-glob': [ '3.0.1' ],
85 silly audit   dlv: [ '1.1.3' ],
85 silly audit   'dom-helpers': [ '5.2.1' ],
85 silly audit   dotenv: [ '16.4.7' ],
85 silly audit   'dotenv-expand': [ '11.0.7' ],
85 silly audit   draco3d: [ '1.5.7' ],
85 silly audit   'dunder-proto': [ '1.0.1' ],
85 silly audit   eastasianwidth: [ '0.2.0' ],
85 silly audit   'ee-first': [ '1.1.1' ],
85 silly audit   'electron-to-chromium': [ '1.5.118' ],
85 silly audit   'embla-carousel': [ '8.5.1' ],
85 silly audit   'embla-carousel-react': [ '8.5.1' ],
85 silly audit   'embla-carousel-reactive-utils': [ '8.5.1' ],
85 silly audit   encodeurl: [ '1.0.2', '2.0.0' ],
85 silly audit   'end-of-stream': [ '1.4.4' ],
85 silly audit   'engine.io': [ '6.6.4' ],
85 silly audit   'engine.io-client': [ '6.6.3' ],
85 silly audit   'engine.io-parser': [ '5.2.3' ],
85 silly audit   'env-editor': [ '0.4.2' ],
85 silly audit   eol: [ '0.9.1' ],
85 silly audit   'error-ex': [ '1.3.2' ],
85 silly audit   'error-stack-parser': [ '2.1.4' ],
85 silly audit   'es-define-property': [ '1.0.1' ],
85 silly audit   'es-errors': [ '1.3.0' ],
85 silly audit   'es-object-atoms': [ '1.1.1' ],
85 silly audit   'es-set-tostringtag': [ '2.1.0' ],
85 silly audit   escalade: [ '3.2.0' ],
85 silly audit   'escape-html': [ '1.0.3' ],
85 silly audit   esprima: [ '4.0.1' ],
85 silly audit   etag: [ '1.8.1' ],
85 silly audit   'event-target-shim': [ '5.0.1' ],
85 silly audit   eventemitter3: [ '4.0.7' ],
85 silly audit   'exec-async': [ '2.2.0' ],
85 silly audit   execa: [ '1.0.0' ],
85 silly audit   'path-key': [ '2.0.1', '3.1.1' ],
85 silly audit   'shebang-command': [ '1.2.0', '2.0.0' ],
85 silly audit   'shebang-regex': [ '1.0.0', '3.0.0' ],
85 silly audit   which: [ '1.3.1', '2.0.2' ],
85 silly audit   expo: [ '52.0.39' ],
85 silly audit   'expo-asset': [ '11.0.4' ],
85 silly audit   'expo-constants': [ '17.0.8' ],
85 silly audit   'expo-file-system': [ '18.0.11' ],
85 silly audit   'expo-font': [ '13.0.4' ],
85 silly audit   'expo-gl': [ '15.0.4' ],
85 silly audit   'expo-keep-awake': [ '14.0.3' ],
85 silly audit   'expo-modules-autolinking': [ '2.0.8' ],
85 silly audit   'expo-modules-core': [ '2.2.3' ],
85 silly audit   'exponential-backoff': [ '3.1.2' ],
85 silly audit   'fast-equals': [ '5.2.2' ],
85 silly audit   'fast-glob': [ '3.3.3' ],
85 silly audit   'fast-json-stable-stringify': [ '2.1.0' ],
85 silly audit   fastq: [ '1.19.1' ],
85 silly audit   'fb-watchman': [ '2.0.2' ],
85 silly audit   fbemitter: [ '3.0.0' ],
85 silly audit   fbjs: [ '3.0.5' ],
85 silly audit   'fbjs-css-vars': [ '1.0.2' ],
85 silly audit   'fetch-retry': [ '4.1.1' ],
85 silly audit   fflate: [ '0.8.2', '0.6.10' ],
85 silly audit   'fill-range': [ '7.1.1' ],
85 silly audit   finalhandler: [ '1.1.2' ],
85 silly audit   'find-cache-dir': [ '2.1.0' ],
85 silly audit   'flow-enums-runtime': [ '0.0.6' ],
85 silly audit   'flow-parser': [ '0.265.2' ],
85 silly audit   fontfaceobserver: [ '2.3.0' ],
85 silly audit   'foreground-child': [ '3.3.1' ],
85 silly audit   'form-data': [ '3.0.3' ],
85 silly audit   'fraction.js': [ '4.3.7' ],
85 silly audit   'freeport-async': [ '2.0.0' ],
85 silly audit   fresh: [ '0.5.2' ],
85 silly audit   'fs-minipass': [ '3.0.3', '2.1.0' ],
85 silly audit   'fs.realpath': [ '1.0.0' ],
85 silly audit   'function-bind': [ '1.1.2' ],
85 silly audit   gensync: [ '1.0.0-beta.2' ],
85 silly audit   'get-caller-file': [ '2.0.5' ],
85 silly audit   'get-intrinsic': [ '1.3.0' ],
85 silly audit   'get-nonce': [ '1.0.1' ],
85 silly audit   'get-package-type': [ '0.1.0' ],
85 silly audit   'get-port': [ '3.2.0' ],
85 silly audit   'get-proto': [ '1.0.1' ],
85 silly audit   'get-stream': [ '4.1.0' ],
85 silly audit   getenv: [ '1.0.0' ],
85 silly audit   'glob-parent': [ '5.1.2', '6.0.2' ],
85 silly audit   minimatch: [ '9.0.5', '3.1.2' ],
85 silly audit   globals: [ '11.12.0' ],
85 silly audit   globby: [ '11.1.0' ],
85 silly audit   'glsl-noise': [ '0.0.0' ],
85 silly audit   gopd: [ '1.2.0' ],
85 silly audit   'graceful-fs': [ '4.2.11' ],
85 silly audit   'has-symbols': [ '1.1.0' ],
85 silly audit   'has-tostringtag': [ '1.0.2' ],
85 silly audit   hasown: [ '2.0.2' ],
85 silly audit   'hls.js': [ '1.5.20' ],
85 silly audit   'hosted-git-info': [ '7.0.2' ],
85 silly audit   http: [ '0.0.1-security' ],
85 silly audit   'http-errors': [ '2.0.0' ],
85 silly audit   statuses: [ '2.0.1', '1.5.0' ],
85 silly audit   ieee754: [ '1.2.1' ],
85 silly audit   ignore: [ '5.3.2' ],
85 silly audit   'image-size': [ '1.2.0' ],
85 silly audit   immediate: [ '3.0.6' ],
85 silly audit   immer: [ '10.1.1' ],
85 silly audit   'import-fresh': [ '2.0.0' ],
85 silly audit   'resolve-from': [ '3.0.0', '5.0.0' ],
85 silly audit   imurmurhash: [ '0.1.4' ],
85 silly audit   'indent-string': [ '4.0.0' ],
85 silly audit   inflight: [ '1.0.6' ],
85 silly audit   inherits: [ '2.0.4' ],
85 silly audit   ini: [ '1.3.8' ],
85 silly audit   'input-otp': [ '1.4.1' ],
85 silly audit   'internal-ip': [ '4.3.0' ],
85 silly audit   internmap: [ '2.0.3' ],
85 silly audit   invariant: [ '2.2.4' ],
85 silly audit   'ip-regex': [ '2.1.0' ],
85 silly audit   'ipaddr.js': [ '1.9.1' ],
85 silly audit   'is-arrayish': [ '0.2.1', '0.3.2' ],
85 silly audit   'is-binary-path': [ '2.1.0' ],
85 silly audit   'is-buffer': [ '1.1.6' ],
85 silly audit   'is-core-module': [ '2.16.1' ],
85 silly audit   'is-directory': [ '0.3.1' ],
85 silly audit   'is-docker': [ '2.2.1' ],
85 silly audit   'is-extglob': [ '2.1.1' ],
85 silly audit   'is-fullwidth-code-point': [ '3.0.0' ],
85 silly audit   'is-glob': [ '4.0.3' ],
85 silly audit   'is-number': [ '7.0.0' ],
85 silly audit   'is-path-cwd': [ '2.2.0' ],
85 silly audit   'is-path-inside': [ '3.0.3' ],
85 silly audit   'is-plain-object': [ '2.0.4' ],
85 silly audit   'is-promise': [ '2.2.2' ],
85 silly audit   'is-stream': [ '1.1.0', '2.0.1' ],
85 silly audit   'is-wsl': [ '2.2.0' ],
85 silly audit   isexe: [ '2.0.0' ],
85 silly audit   isobject: [ '3.0.1' ],
85 silly audit   'istanbul-lib-coverage': [ '3.2.2' ],
85 silly audit   'istanbul-lib-instrument': [ '5.2.1' ],
85 silly audit   'its-fine': [ '2.0.0' ],
85 silly audit   jackspeak: [ '3.4.3' ],
85 silly audit   'jest-environment-node': [ '29.7.0' ],
85 silly audit   'jest-get-type': [ '29.6.3' ],
85 silly audit   'jest-haste-map': [ '29.7.0' ],
85 silly audit   'jest-message-util': [ '29.7.0' ],
85 silly audit   'jest-mock': [ '29.7.0' ],
85 silly audit   'jest-regex-util': [ '29.6.3' ],
85 silly audit   'jest-util': [ '29.7.0' ],
85 silly audit   'jest-validate': [ '29.7.0' ],
85 silly audit   'jest-worker': [ '29.7.0' ],
85 silly audit   'jimp-compact': [ '0.16.1' ],
85 silly audit   jiti: [ '1.21.7' ],
85 silly audit   'join-component': [ '1.1.0' ],
85 silly audit   'js-tokens': [ '4.0.0' ],
85 silly audit   'jsc-safe-url': [ '0.2.4' ],
85 silly audit   jsesc: [ '3.1.0', '3.0.2' ],
85 silly audit   'json-parse-better-errors': [ '1.0.2' ],
85 silly audit   json5: [ '2.2.3' ],
85 silly audit   'kind-of': [ '6.0.3' ],
85 silly audit   kleur: [ '3.0.3' ],
85 silly audit   leven: [ '3.1.0' ],
85 silly audit   lie: [ '3.3.0' ],
85 silly audit   'lighthouse-logger': [ '1.4.2' ],
85 silly audit   lightningcss: [ '1.27.0' ],
85 silly audit   'lightningcss-win32-x64-msvc': [ '1.27.0' ],
85 silly audit   'lightningcss-darwin-arm64': [ '1.27.0' ],
85 silly audit   'lightningcss-darwin-x64': [ '1.27.0' ],
85 silly audit   'lightningcss-freebsd-x64': [ '1.27.0' ],
85 silly audit   'lightningcss-linux-arm-gnueabihf': [ '1.27.0' ],
85 silly audit   'lightningcss-linux-arm64-gnu': [ '1.27.0' ],
85 silly audit   'lightningcss-linux-arm64-musl': [ '1.27.0' ],
85 silly audit   'lightningcss-linux-x64-gnu': [ '1.27.0' ],
85 silly audit   'lightningcss-linux-x64-musl': [ '1.27.0' ],
85 silly audit   'lightningcss-win32-arm64-msvc': [ '1.27.0' ],
85 silly audit   lilconfig: [ '3.1.3' ],
85 silly audit   'lines-and-columns': [ '1.2.4' ],
85 silly audit   lodash: [ '4.17.21' ],
85 silly audit   'lodash.debounce': [ '4.0.8' ],
85 silly audit   'lodash.throttle': [ '4.1.1' ],
85 silly audit   'log-symbols': [ '2.2.0' ],
85 silly audit   'loose-envify': [ '1.4.0' ],
85 silly audit   'lucide-react': [ '0.454.0' ],
85 silly audit   'make-dir': [ '2.1.0' ],
85 silly audit   makeerror: [ '1.0.12' ],
85 silly audit   marky: [ '1.2.5' ],
85 silly audit   'math-intrinsics': [ '1.1.0' ],
85 silly audit   md5: [ '2.3.0' ],
85 silly audit   'md5-file': [ '3.2.3' ],
85 silly audit   'memoize-one': [ '5.2.1' ],
85 silly audit   'merge-stream': [ '2.0.0' ],
85 silly audit   merge2: [ '1.4.1' ],
85 silly audit   meshline: [ '3.3.1' ],
85 silly audit   meshoptimizer: [ '0.18.1' ],
85 silly audit   metro: [ '0.81.3' ],
85 silly audit   'metro-babel-transformer': [ '0.81.3' ],
85 silly audit   'metro-cache': [ '0.81.3' ],
85 silly audit   'metro-cache-key': [ '0.81.3' ],
85 silly audit   'metro-config': [ '0.81.3' ],
85 silly audit   'metro-core': [ '0.81.3' ],
85 silly audit   'metro-file-map': [ '0.81.3' ],
85 silly audit   'metro-minify-terser': [ '0.81.3' ],
85 silly audit   'metro-resolver': [ '0.81.3' ],
85 silly audit   'metro-runtime': [ '0.81.3' ],
85 silly audit   'metro-source-map': [ '0.81.3' ],
85 silly audit   'metro-symbolicate': [ '0.81.3' ],
85 silly audit   'metro-transform-plugins': [ '0.81.3' ],
85 silly audit   'metro-transform-worker': [ '0.81.3' ],
85 silly audit   micromatch: [ '4.0.8' ],
85 silly audit   mime: [ '1.6.0' ],
85 silly audit   'mime-db': [ '1.53.0', '1.52.0' ],
85 silly audit   'mime-types': [ '2.1.35' ],
85 silly audit   'mimic-fn': [ '1.2.0' ],
85 silly audit   minimist: [ '1.2.8' ],
85 silly audit   minipass: [ '7.1.2', '3.3.6', '5.0.0' ],
85 silly audit   'minipass-collect': [ '2.0.1' ],
85 silly audit   'minipass-flush': [ '1.0.5' ],
85 silly audit   yallist: [ '4.0.0', '3.1.1' ],
85 silly audit   'minipass-pipeline': [ '1.2.4' ],
85 silly audit   minizlib: [ '2.1.2' ],
85 silly audit   mz: [ '2.7.0' ],
85 silly audit   n8ao: [ '1.9.4' ],
85 silly audit   nanoid: [ '3.3.9' ],
85 silly audit   'neo-async': [ '2.6.2' ],
85 silly audit   'nested-error-stacks': [ '2.0.1' ],
85 silly audit   next: [ '15.2.2' ],
85 silly audit   'next-themes': [ '0.4.6' ],
85 silly audit   'nice-try': [ '1.0.5' ],
85 silly audit   'node-dir': [ '0.1.17' ],
85 silly audit   'node-fetch': [ '2.7.0' ],
85 silly audit   'node-forge': [ '1.3.1' ],
85 silly audit   'node-int64': [ '0.4.0' ],
85 silly audit   'node-releases': [ '2.0.19' ],
85 silly audit   'normalize-path': [ '3.0.0' ],
85 silly audit   'normalize-range': [ '0.1.2' ],
85 silly audit   'npm-package-arg': [ '11.0.3' ],
85 silly audit   'npm-run-path': [ '2.0.2' ],
85 silly audit   nullthrows: [ '1.1.1' ],
85 silly audit   ob1: [ '0.81.3' ],
85 silly audit   'object-assign': [ '4.1.1' ],
85 silly audit   'object-hash': [ '3.0.0' ],
85 silly audit   'on-finished': [ '2.3.0', '2.4.1' ],
85 silly audit   'on-headers': [ '1.0.2' ],
85 silly audit   once: [ '1.4.0' ],
85 silly audit   onetime: [ '2.0.1' ],
85 silly audit   ora: [ '3.4.0' ],
85 silly audit   'os-tmpdir': [ '1.0.2' ],
85 silly audit   'p-finally': [ '1.0.0' ],
85 silly audit   'p-map': [ '4.0.0' ],
85 silly audit   'p-try': [ '2.2.0' ],
85 silly audit   'package-json-from-dist': [ '1.0.1' ],
85 silly audit   'parse-json': [ '4.0.0' ],
85 silly audit   'parse-png': [ '2.1.0' ],
85 silly audit   parseurl: [ '1.3.3' ],
85 silly audit   'password-prompt': [ '1.1.3' ],
85 silly audit   'path-exists': [ '4.0.0', '3.0.0' ],
85 silly audit   'path-is-absolute': [ '1.0.1' ],
85 silly audit   'path-parse': [ '1.0.7' ],
85 silly audit   'path-scurry': [ '1.11.1' ],
85 silly audit   'path-type': [ '4.0.0' ],
85 silly audit   picocolors: [ '1.1.1' ],
85 silly audit   pify: [ '4.0.1', '2.3.0' ],
85 silly audit   pirates: [ '4.0.6' ],
85 silly audit   'pkg-dir': [ '3.0.0' ],
85 silly audit   plist: [ '3.1.0' ],
85 silly audit   xmlbuilder: [ '15.1.1', '11.0.1', '14.0.0' ],
85 silly audit   pngjs: [ '3.4.0' ],
85 silly audit   'postcss-import': [ '15.1.0' ],
85 silly audit   'postcss-js': [ '4.0.1' ],
85 silly audit   'postcss-load-config': [ '4.0.2' ],
85 silly audit   'postcss-nested': [ '6.2.0' ],
85 silly audit   'postcss-selector-parser': [ '6.1.2' ],
85 silly audit   'postcss-value-parser': [ '4.2.0' ],
85 silly audit   postprocessing: [ '6.37.1' ],
85 silly audit   potpack: [ '1.0.2' ],
85 silly audit   'pretty-bytes': [ '5.6.0' ],
85 silly audit   'pretty-format': [ '29.7.0' ],
85 silly audit   'proc-log': [ '4.2.0' ],
85 silly audit   progress: [ '2.0.3' ],
85 silly audit   promise: [ '7.3.1', '8.3.0' ],
85 silly audit   'promise-worker-transferable': [ '1.0.4' ],
85 silly audit   prompts: [ '2.4.2' ],
85 silly audit   'prop-types': [ '15.8.1' ],
85 silly audit   'react-is': [ '16.13.1', '18.3.1' ],
85 silly audit   pump: [ '3.0.2' ],
85 silly audit   punycode: [ '2.3.1' ],
85 silly audit   'qrcode-terminal': [ '0.11.0' ],
85 silly audit   queue: [ '6.0.2' ],
85 silly audit   'queue-microtask': [ '1.2.3' ],
85 silly audit   'range-parser': [ '1.2.1' ],
85 silly audit   rc: [ '1.2.8' ],
85 silly audit   react: [ '19.0.0' ],
85 silly audit   'react-day-picker': [ '8.10.1' ],
85 silly audit   'react-devtools-core': [ '6.1.1' ],
85 silly audit   'react-dom': [ '19.0.0' ],
85 silly audit   'react-hook-form': [ '7.54.2' ],
85 silly audit   'react-native': [ '0.78.0' ],
85 silly audit   'regenerator-runtime': [ '0.13.11', '0.14.1' ],
85 silly audit   'react-reconciler': [ '0.31.0' ],
85 silly audit   'react-refresh': [ '0.14.2' ],
85 silly audit   'react-remove-scroll': [ '2.6.3' ],
85 silly audit   'react-remove-scroll-bar': [ '2.3.8' ],
85 silly audit   'react-resizable-panels': [ '2.1.7' ],
85 silly audit   'react-smooth': [ '4.0.4' ],
85 silly audit   'react-style-singleton': [ '2.2.3' ],
85 silly audit   'react-transition-group': [ '4.4.5' ],
85 silly audit   'react-use-measure': [ '2.1.7' ],
85 silly audit   'read-cache': [ '1.0.0' ],
85 silly audit   readdirp: [ '3.6.0' ],
85 silly audit   readline: [ '1.3.0' ],
85 silly audit   recharts: [ '2.15.0' ],
85 silly audit   'recharts-scale': [ '0.4.5' ],
85 silly audit   regenerate: [ '1.4.2' ],
85 silly audit   'regenerate-unicode-properties': [ '10.2.0' ],
85 silly audit   'regenerator-transform': [ '0.15.2' ],
85 silly audit   'regexpu-core': [ '6.2.0' ],
85 silly audit   regjsgen: [ '0.8.0' ],
85 silly audit   regjsparser: [ '0.12.0' ],
85 silly audit   'remove-trailing-slash': [ '0.1.1' ],
85 silly audit   'require-directory': [ '2.1.1' ],
85 silly audit   'require-from-string': [ '2.0.2' ],
85 silly audit   requireg: [ '0.2.2' ],
85 silly audit   resolve: [ '1.7.1', '1.22.10' ],
85 silly audit   'resolve-workspace-root': [ '2.0.0' ],
85 silly audit   'resolve.exports': [ '2.0.3' ],
85 silly audit   'restore-cursor': [ '2.0.0' ],
85 silly audit   reusify: [ '1.1.0' ],
85 silly audit   rimraf: [ '3.0.2', '2.6.3' ],
85 silly audit   'run-parallel': [ '1.2.0' ],
85 silly audit   'safe-buffer': [ '5.2.1' ],
85 silly audit   sax: [ '1.4.1' ],
85 silly audit   scheduler: [ '0.25.0' ],
85 silly audit   selfsigned: [ '2.4.1' ],
85 silly audit   send: [ '0.19.1', '0.19.0' ],
85 silly audit   'serialize-error': [ '2.1.0' ],
85 silly audit   'serve-static': [ '1.16.2' ],
85 silly audit   setimmediate: [ '1.0.5' ],
85 silly audit   setprototypeof: [ '1.2.0' ],
85 silly audit   'shallow-clone': [ '3.0.1' ],
85 silly audit   sharp: [ '0.33.5' ],
85 silly audit   '@img/sharp-darwin-arm64': [ '0.33.5' ],
85 silly audit   '@img/sharp-darwin-x64': [ '0.33.5' ],
85 silly audit   '@img/sharp-libvips-darwin-arm64': [ '1.0.4' ],
85 silly audit   '@img/sharp-libvips-darwin-x64': [ '1.0.4' ],
85 silly audit   '@img/sharp-libvips-linux-arm': [ '1.0.5' ],
85 silly audit   '@img/sharp-libvips-linux-arm64': [ '1.0.4' ],
85 silly audit   '@img/sharp-libvips-linux-s390x': [ '1.0.4' ],
85 silly audit   '@img/sharp-libvips-linux-x64': [ '1.0.4' ],
85 silly audit   '@img/sharp-libvips-linuxmusl-arm64': [ '1.0.4' ],
85 silly audit   '@img/sharp-libvips-linuxmusl-x64': [ '1.0.4' ],
85 silly audit   '@img/sharp-linux-arm': [ '0.33.5' ],
85 silly audit   '@img/sharp-linux-arm64': [ '0.33.5' ],
85 silly audit   '@img/sharp-linux-s390x': [ '0.33.5' ],
85 silly audit   '@img/sharp-linux-x64': [ '0.33.5' ],
85 silly audit   '@img/sharp-linuxmusl-arm64': [ '0.33.5' ],
85 silly audit   '@img/sharp-linuxmusl-x64': [ '0.33.5' ],
85 silly audit   '@img/sharp-wasm32': [ '0.33.5' ],
85 silly audit   '@img/sharp-win32-ia32': [ '0.33.5' ],
85 silly audit   'shell-quote': [ '1.8.2' ],
85 silly audit   'simple-plist': [ '1.3.1' ],
85 silly audit   'simple-swizzle': [ '0.2.2' ],
85 silly audit   sisteransi: [ '1.0.5' ],
85 silly audit   slash: [ '3.0.0' ],
85 silly audit   slugify: [ '1.6.6' ],
85 silly audit   'socket.io': [ '4.8.1' ],
85 silly audit   'socket.io-adapter': [ '2.5.5' ],
85 silly audit   'socket.io-client': [ '4.8.1' ],
85 silly audit   'socket.io-parser': [ '4.2.4' ],
85 silly audit   sonner: [ '1.7.4' ],
85 silly audit   'source-map-js': [ '1.2.1' ],
85 silly audit   'source-map-support': [ '0.5.21' ],
85 silly audit   split: [ '1.0.1' ],
85 silly audit   'sprintf-js': [ '1.0.3' ],
85 silly audit   ssri: [ '10.0.6' ],
85 silly audit   'stack-utils': [ '2.0.6' ],
85 silly audit   stackframe: [ '1.3.4' ],
85 silly audit   'stacktrace-parser': [ '0.1.11' ],
85 silly audit   'type-fest': [ '0.7.1', '0.16.0', '0.21.3' ],
85 silly audit   'stats-gl': [ '2.4.2' ],
85 silly audit   three: [ '0.170.0', '0.174.0' ],
85 silly audit   'stats.js': [ '0.17.0' ],
85 silly audit   'stream-buffers': [ '2.2.0' ],
85 silly audit   streamsearch: [ '1.1.0' ],
85 silly audit   'strip-eof': [ '1.0.0' ],
85 silly audit   'strip-json-comments': [ '2.0.1' ],
85 silly audit   'structured-headers': [ '0.4.1' ],
85 silly audit   'styled-jsx': [ '5.1.6' ],
85 silly audit   sucrase: [ '3.35.0' ],
85 silly audit   'supports-hyperlinks': [ '2.3.0' ],
85 silly audit   'supports-preserve-symlinks-flag': [ '1.0.0' ],
85 silly audit   'suspend-react': [ '0.1.3' ],
85 silly audit   'tailwind-merge': [ '2.6.0' ],
85 silly audit   tailwindcss: [ '3.4.17' ],
85 silly audit   'tailwindcss-animate': [ '1.0.7' ],
85 silly audit   tar: [ '6.2.1' ],
85 silly audit   temp: [ '0.8.4' ],
85 silly audit   'temp-dir': [ '2.0.0' ],
85 silly audit   tempy: [ '0.7.1' ],
85 silly audit   'terminal-link': [ '2.1.1' ],
85 silly audit   terser: [ '5.39.0' ],
85 silly audit   'test-exclude': [ '6.0.0' ],
85 silly audit   thenify: [ '3.3.1' ],
85 silly audit   'thenify-all': [ '1.6.0' ],
85 silly audit   'three-mesh-bvh': [ '0.8.3' ],
85 silly audit   'three-stdlib': [ '2.35.14' ],
85 silly audit   throat: [ '5.0.0' ],
85 silly audit   through: [ '2.3.8' ],
85 silly audit   'tiny-invariant': [ '1.3.3' ],
85 silly audit   tmpl: [ '1.0.5' ],
85 silly audit   'to-regex-range': [ '5.0.1' ],
85 silly audit   toidentifier: [ '1.0.1' ],
85 silly audit   tr46: [ '0.0.3' ],
85 silly audit   'troika-three-text': [ '0.52.3' ],
85 silly audit   'troika-three-utils': [ '0.52.0' ],
85 silly audit   'troika-worker-utils': [ '0.52.0' ],
85 silly audit   'ts-interface-checker': [ '0.1.13' ],
85 silly audit   tslib: [ '2.8.1' ],
85 silly audit   'tunnel-rat': [ '0.1.2' ],
85 silly audit   zustand: [ '4.5.6', '5.0.3' ],
85 silly audit   'type-detect': [ '4.0.8' ],
85 silly audit   typescript: [ '5.8.2' ],
85 silly audit   'ua-parser-js': [ '1.0.40' ],
85 silly audit   undici: [ '6.21.2' ],
85 silly audit   'undici-types': [ '6.20.0' ],
85 silly audit   'unicode-canonical-property-names-ecmascript': [ '2.0.1' ],
85 silly audit   'unicode-match-property-ecmascript': [ '2.0.0' ],
85 silly audit   'unicode-match-property-value-ecmascript': [ '2.2.0' ],
85 silly audit   'unicode-property-aliases-ecmascript': [ '2.1.0' ],
85 silly audit   'unique-filename': [ '3.0.0' ],
85 silly audit   'unique-slug': [ '4.0.0' ],
85 silly audit   'unique-string': [ '2.0.0' ],
85 silly audit   unpipe: [ '1.0.0' ],
85 silly audit   'update-browserslist-db': [ '1.1.3' ],
85 silly audit   'use-callback-ref': [ '1.3.3' ],
85 silly audit   'use-sidecar': [ '1.1.3' ],
85 silly audit   'use-sync-external-store': [ '1.4.0' ],
85 silly audit   'util-deprecate': [ '1.0.2' ],
85 silly audit   'utility-types': [ '3.11.0' ],
85 silly audit   'utils-merge': [ '1.0.1' ],
85 silly audit   'validate-npm-package-name': [ '5.0.1' ],
85 silly audit   vary: [ '1.1.2' ],
85 silly audit   vaul: [ '0.9.9' ],
85 silly audit   'victory-vendor': [ '36.9.2' ],
85 silly audit   vlq: [ '1.0.1' ],
85 silly audit   walker: [ '1.0.8' ],
85 silly audit   wcwidth: [ '1.0.1' ],
85 silly audit   'web-streams-polyfill': [ '3.3.3' ],
85 silly audit   'webgl-constants': [ '1.1.1' ],
85 silly audit   'webgl-sdf-generator': [ '1.1.1' ],
85 silly audit   'webidl-conversions': [ '3.0.1', '5.0.0' ],
85 silly audit   'whatwg-fetch': [ '3.6.20' ],
85 silly audit   'whatwg-url': [ '5.0.0' ],
85 silly audit   'whatwg-url-without-unicode': [ '8.0.0-3' ],
85 silly audit   wonka: [ '6.3.5' ],
85 silly audit   wrappy: [ '1.0.2' ],
85 silly audit   xcode: [ '3.0.1' ],
85 silly audit   xml2js: [ '0.6.0' ],
85 silly audit   'xmlhttprequest-ssl': [ '2.1.2' ],
85 silly audit   y18n: [ '5.0.8' ],
85 silly audit   yaml: [ '2.7.0' ],
85 silly audit   yargs: [ '17.7.2' ],
85 silly audit   'yargs-parser': [ '21.1.1' ],
85 silly audit   'yocto-queue': [ '0.1.0' ],
85 silly audit   zod: [ '3.24.2' ],
85 silly audit   'date-fns': [ '4.1.0' ]
85 silly audit }
86 verbose reify failed optional dependency C:\Users\adnan\OneDrive\Masaüstü\codingprojects\vibe code\3d-agario\node_modules\@next\swc-win32-arm64-msvc
87 silly reify mark deleted [
87 silly reify   'C:\\Users\\adnan\\OneDrive\\Masaüstü\\codingprojects\\vibe code\\3d-agario\\node_modules\\@next\\swc-win32-arm64-msvc'
87 silly reify ]
88 verbose reify failed optional dependency C:\Users\adnan\OneDrive\Masaüstü\codingprojects\vibe code\3d-agario\node_modules\@next\swc-linux-x64-musl
89 silly reify mark deleted [
89 silly reify   'C:\\Users\\adnan\\OneDrive\\Masaüstü\\codingprojects\\vibe code\\3d-agario\\node_modules\\@next\\swc-linux-x64-musl'
89 silly reify ]
90 verbose reify failed optional dependency C:\Users\adnan\OneDrive\Masaüstü\codingprojects\vibe code\3d-agario\node_modules\@next\swc-linux-x64-gnu
91 silly reify mark deleted [
91 silly reify   'C:\\Users\\adnan\\OneDrive\\Masaüstü\\codingprojects\\vibe code\\3d-agario\\node_modules\\@next\\swc-linux-x64-gnu'
91 silly reify ]
92 verbose reify failed optional dependency C:\Users\adnan\OneDrive\Masaüstü\codingprojects\vibe code\3d-agario\node_modules\@next\swc-linux-arm64-musl
93 silly reify mark deleted [
93 silly reify   'C:\\Users\\adnan\\OneDrive\\Masaüstü\\codingprojects\\vibe code\\3d-agario\\node_modules\\@next\\swc-linux-arm64-musl'
93 silly reify ]
94 verbose reify failed optional dependency C:\Users\adnan\OneDrive\Masaüstü\codingprojects\vibe code\3d-agario\node_modules\@next\swc-linux-arm64-gnu
95 silly reify mark deleted [
95 silly reify   'C:\\Users\\adnan\\OneDrive\\Masaüstü\\codingprojects\\vibe code\\3d-agario\\node_modules\\@next\\swc-linux-arm64-gnu'
95 silly reify ]
96 verbose reify failed optional dependency C:\Users\adnan\OneDrive\Masaüstü\codingprojects\vibe code\3d-agario\node_modules\@next\swc-darwin-x64
97 silly reify mark deleted [
97 silly reify   'C:\\Users\\adnan\\OneDrive\\Masaüstü\\codingprojects\\vibe code\\3d-agario\\node_modules\\@next\\swc-darwin-x64'
97 silly reify ]
98 verbose reify failed optional dependency C:\Users\adnan\OneDrive\Masaüstü\codingprojects\vibe code\3d-agario\node_modules\@next\swc-darwin-arm64
99 silly reify mark deleted [
99 silly reify   'C:\\Users\\adnan\\OneDrive\\Masaüstü\\codingprojects\\vibe code\\3d-agario\\node_modules\\@next\\swc-darwin-arm64'
99 silly reify ]
100 verbose reify failed optional dependency C:\Users\adnan\OneDrive\Masaüstü\codingprojects\vibe code\3d-agario\node_modules\sharp\node_modules\@img\sharp-win32-ia32
101 silly reify mark deleted [
101 silly reify   'C:\\Users\\adnan\\OneDrive\\Masaüstü\\codingprojects\\vibe code\\3d-agario\\node_modules\\sharp\\node_modules\\@img\\sharp-win32-ia32'
101 silly reify ]
102 verbose reify failed optional dependency C:\Users\adnan\OneDrive\Masaüstü\codingprojects\vibe code\3d-agario\node_modules\sharp\node_modules\@img\sharp-wasm32
103 silly reify mark deleted [
103 silly reify   'C:\\Users\\adnan\\OneDrive\\Masaüstü\\codingprojects\\vibe code\\3d-agario\\node_modules\\sharp\\node_modules\\@img\\sharp-wasm32'
103 silly reify ]
104 verbose reify failed optional dependency C:\Users\adnan\OneDrive\Masaüstü\codingprojects\vibe code\3d-agario\node_modules\@emnapi\runtime
105 silly reify mark deleted [
105 silly reify   'C:\\Users\\adnan\\OneDrive\\Masaüstü\\codingprojects\\vibe code\\3d-agario\\node_modules\\@emnapi\\runtime'
105 silly reify ]
106 verbose reify failed optional dependency C:\Users\adnan\OneDrive\Masaüstü\codingprojects\vibe code\3d-agario\node_modules\sharp\node_modules\@img\sharp-linuxmusl-x64
107 silly reify mark deleted [
107 silly reify   'C:\\Users\\adnan\\OneDrive\\Masaüstü\\codingprojects\\vibe code\\3d-agario\\node_modules\\sharp\\node_modules\\@img\\sharp-linuxmusl-x64'
107 silly reify ]
108 verbose reify failed optional dependency C:\Users\adnan\OneDrive\Masaüstü\codingprojects\vibe code\3d-agario\node_modules\sharp\node_modules\@img\sharp-linuxmusl-arm64
109 silly reify mark deleted [
109 silly reify   'C:\\Users\\adnan\\OneDrive\\Masaüstü\\codingprojects\\vibe code\\3d-agario\\node_modules\\sharp\\node_modules\\@img\\sharp-linuxmusl-arm64'
109 silly reify ]
110 verbose reify failed optional dependency C:\Users\adnan\OneDrive\Masaüstü\codingprojects\vibe code\3d-agario\node_modules\sharp\node_modules\@img\sharp-linux-x64
111 silly reify mark deleted [
111 silly reify   'C:\\Users\\adnan\\OneDrive\\Masaüstü\\codingprojects\\vibe code\\3d-agario\\node_modules\\sharp\\node_modules\\@img\\sharp-linux-x64'
111 silly reify ]
112 verbose reify failed optional dependency C:\Users\adnan\OneDrive\Masaüstü\codingprojects\vibe code\3d-agario\node_modules\sharp\node_modules\@img\sharp-linux-s390x
113 silly reify mark deleted [
113 silly reify   'C:\\Users\\adnan\\OneDrive\\Masaüstü\\codingprojects\\vibe code\\3d-agario\\node_modules\\sharp\\node_modules\\@img\\sharp-linux-s390x'
113 silly reify ]
114 verbose reify failed optional dependency C:\Users\adnan\OneDrive\Masaüstü\codingprojects\vibe code\3d-agario\node_modules\sharp\node_modules\@img\sharp-linux-arm64
115 silly reify mark deleted [
115 silly reify   'C:\\Users\\adnan\\OneDrive\\Masaüstü\\codingprojects\\vibe code\\3d-agario\\node_modules\\sharp\\node_modules\\@img\\sharp-linux-arm64'
115 silly reify ]
116 verbose reify failed optional dependency C:\Users\adnan\OneDrive\Masaüstü\codingprojects\vibe code\3d-agario\node_modules\sharp\node_modules\@img\sharp-linux-arm
117 silly reify mark deleted [
117 silly reify   'C:\\Users\\adnan\\OneDrive\\Masaüstü\\codingprojects\\vibe code\\3d-agario\\node_modules\\sharp\\node_modules\\@img\\sharp-linux-arm'
117 silly reify ]
118 verbose reify failed optional dependency C:\Users\adnan\OneDrive\Masaüstü\codingprojects\vibe code\3d-agario\node_modules\sharp\node_modules\@img\sharp-libvips-linuxmusl-x64
119 silly reify mark deleted [
119 silly reify   'C:\\Users\\adnan\\OneDrive\\Masaüstü\\codingprojects\\vibe code\\3d-agario\\node_modules\\sharp\\node_modules\\@img\\sharp-libvips-linuxmusl-x64'
119 silly reify ]
120 verbose reify failed optional dependency C:\Users\adnan\OneDrive\Masaüstü\codingprojects\vibe code\3d-agario\node_modules\sharp\node_modules\@img\sharp-libvips-linuxmusl-arm64
121 silly reify mark deleted [
121 silly reify   'C:\\Users\\adnan\\OneDrive\\Masaüstü\\codingprojects\\vibe code\\3d-agario\\node_modules\\sharp\\node_modules\\@img\\sharp-libvips-linuxmusl-arm64'
121 silly reify ]
122 verbose reify failed optional dependency C:\Users\adnan\OneDrive\Masaüstü\codingprojects\vibe code\3d-agario\node_modules\sharp\node_modules\@img\sharp-libvips-linux-x64
123 silly reify mark deleted [
123 silly reify   'C:\\Users\\adnan\\OneDrive\\Masaüstü\\codingprojects\\vibe code\\3d-agario\\node_modules\\sharp\\node_modules\\@img\\sharp-libvips-linux-x64'
123 silly reify ]
124 verbose reify failed optional dependency C:\Users\adnan\OneDrive\Masaüstü\codingprojects\vibe code\3d-agario\node_modules\sharp\node_modules\@img\sharp-libvips-linux-s390x
125 silly reify mark deleted [
125 silly reify   'C:\\Users\\adnan\\OneDrive\\Masaüstü\\codingprojects\\vibe code\\3d-agario\\node_modules\\sharp\\node_modules\\@img\\sharp-libvips-linux-s390x'
125 silly reify ]
126 verbose reify failed optional dependency C:\Users\adnan\OneDrive\Masaüstü\codingprojects\vibe code\3d-agario\node_modules\sharp\node_modules\@img\sharp-libvips-linux-arm64
127 silly reify mark deleted [
127 silly reify   'C:\\Users\\adnan\\OneDrive\\Masaüstü\\codingprojects\\vibe code\\3d-agario\\node_modules\\sharp\\node_modules\\@img\\sharp-libvips-linux-arm64'
127 silly reify ]
128 verbose reify failed optional dependency C:\Users\adnan\OneDrive\Masaüstü\codingprojects\vibe code\3d-agario\node_modules\sharp\node_modules\@img\sharp-libvips-linux-arm
129 silly reify mark deleted [
129 silly reify   'C:\\Users\\adnan\\OneDrive\\Masaüstü\\codingprojects\\vibe code\\3d-agario\\node_modules\\sharp\\node_modules\\@img\\sharp-libvips-linux-arm'
129 silly reify ]
130 verbose reify failed optional dependency C:\Users\adnan\OneDrive\Masaüstü\codingprojects\vibe code\3d-agario\node_modules\sharp\node_modules\@img\sharp-libvips-darwin-x64
131 silly reify mark deleted [
131 silly reify   'C:\\Users\\adnan\\OneDrive\\Masaüstü\\codingprojects\\vibe code\\3d-agario\\node_modules\\sharp\\node_modules\\@img\\sharp-libvips-darwin-x64'
131 silly reify ]
132 verbose reify failed optional dependency C:\Users\adnan\OneDrive\Masaüstü\codingprojects\vibe code\3d-agario\node_modules\sharp\node_modules\@img\sharp-libvips-darwin-arm64
133 silly reify mark deleted [
133 silly reify   'C:\\Users\\adnan\\OneDrive\\Masaüstü\\codingprojects\\vibe code\\3d-agario\\node_modules\\sharp\\node_modules\\@img\\sharp-libvips-darwin-arm64'
133 silly reify ]
134 verbose reify failed optional dependency C:\Users\adnan\OneDrive\Masaüstü\codingprojects\vibe code\3d-agario\node_modules\sharp\node_modules\@img\sharp-darwin-x64
135 silly reify mark deleted [
135 silly reify   'C:\\Users\\adnan\\OneDrive\\Masaüstü\\codingprojects\\vibe code\\3d-agario\\node_modules\\sharp\\node_modules\\@img\\sharp-darwin-x64'
135 silly reify ]
136 verbose reify failed optional dependency C:\Users\adnan\OneDrive\Masaüstü\codingprojects\vibe code\3d-agario\node_modules\sharp\node_modules\@img\sharp-darwin-arm64
137 silly reify mark deleted [
137 silly reify   'C:\\Users\\adnan\\OneDrive\\Masaüstü\\codingprojects\\vibe code\\3d-agario\\node_modules\\sharp\\node_modules\\@img\\sharp-darwin-arm64'
137 silly reify ]
138 verbose reify failed optional dependency C:\Users\adnan\OneDrive\Masaüstü\codingprojects\vibe code\3d-agario\node_modules\lightningcss\node_modules\lightningcss-win32-arm64-msvc
139 silly reify mark deleted [
139 silly reify   'C:\\Users\\adnan\\OneDrive\\Masaüstü\\codingprojects\\vibe code\\3d-agario\\node_modules\\lightningcss\\node_modules\\lightningcss-win32-arm64-msvc'
139 silly reify ]
140 verbose reify failed optional dependency C:\Users\adnan\OneDrive\Masaüstü\codingprojects\vibe code\3d-agario\node_modules\lightningcss\node_modules\lightningcss-linux-x64-musl
141 silly reify mark deleted [
141 silly reify   'C:\\Users\\adnan\\OneDrive\\Masaüstü\\codingprojects\\vibe code\\3d-agario\\node_modules\\lightningcss\\node_modules\\lightningcss-linux-x64-musl'
141 silly reify ]
142 verbose reify failed optional dependency C:\Users\adnan\OneDrive\Masaüstü\codingprojects\vibe code\3d-agario\node_modules\lightningcss\node_modules\lightningcss-linux-x64-gnu
143 silly reify mark deleted [
143 silly reify   'C:\\Users\\adnan\\OneDrive\\Masaüstü\\codingprojects\\vibe code\\3d-agario\\node_modules\\lightningcss\\node_modules\\lightningcss-linux-x64-gnu'
143 silly reify ]
144 verbose reify failed optional dependency C:\Users\adnan\OneDrive\Masaüstü\codingprojects\vibe code\3d-agario\node_modules\lightningcss\node_modules\lightningcss-linux-arm64-musl
145 silly reify mark deleted [
145 silly reify   'C:\\Users\\adnan\\OneDrive\\Masaüstü\\codingprojects\\vibe code\\3d-agario\\node_modules\\lightningcss\\node_modules\\lightningcss-linux-arm64-musl'
145 silly reify ]
146 verbose reify failed optional dependency C:\Users\adnan\OneDrive\Masaüstü\codingprojects\vibe code\3d-agario\node_modules\lightningcss\node_modules\lightningcss-linux-arm64-gnu
147 silly reify mark deleted [
147 silly reify   'C:\\Users\\adnan\\OneDrive\\Masaüstü\\codingprojects\\vibe code\\3d-agario\\node_modules\\lightningcss\\node_modules\\lightningcss-linux-arm64-gnu'
147 silly reify ]
148 verbose reify failed optional dependency C:\Users\adnan\OneDrive\Masaüstü\codingprojects\vibe code\3d-agario\node_modules\lightningcss\node_modules\lightningcss-linux-arm-gnueabihf
149 silly reify mark deleted [
149 silly reify   'C:\\Users\\adnan\\OneDrive\\Masaüstü\\codingprojects\\vibe code\\3d-agario\\node_modules\\lightningcss\\node_modules\\lightningcss-linux-arm-gnueabihf'
149 silly reify ]
150 verbose reify failed optional dependency C:\Users\adnan\OneDrive\Masaüstü\codingprojects\vibe code\3d-agario\node_modules\lightningcss\node_modules\lightningcss-freebsd-x64
151 silly reify mark deleted [
151 silly reify   'C:\\Users\\adnan\\OneDrive\\Masaüstü\\codingprojects\\vibe code\\3d-agario\\node_modules\\lightningcss\\node_modules\\lightningcss-freebsd-x64'
151 silly reify ]
152 verbose reify failed optional dependency C:\Users\adnan\OneDrive\Masaüstü\codingprojects\vibe code\3d-agario\node_modules\lightningcss\node_modules\lightningcss-darwin-x64
153 silly reify mark deleted [
153 silly reify   'C:\\Users\\adnan\\OneDrive\\Masaüstü\\codingprojects\\vibe code\\3d-agario\\node_modules\\lightningcss\\node_modules\\lightningcss-darwin-x64'
153 silly reify ]
154 verbose reify failed optional dependency C:\Users\adnan\OneDrive\Masaüstü\codingprojects\vibe code\3d-agario\node_modules\lightningcss\node_modules\lightningcss-darwin-arm64
155 silly reify mark deleted [
155 silly reify   'C:\\Users\\adnan\\OneDrive\\Masaüstü\\codingprojects\\vibe code\\3d-agario\\node_modules\\lightningcss\\node_modules\\lightningcss-darwin-arm64'
155 silly reify ]
156 verbose reify failed optional dependency C:\Users\adnan\OneDrive\Masaüstü\codingprojects\vibe code\3d-agario\node_modules\jest-haste-map\node_modules\fsevents
157 silly reify mark deleted [
157 silly reify   'C:\\Users\\adnan\\OneDrive\\Masaüstü\\codingprojects\\vibe code\\3d-agario\\node_modules\\jest-haste-map\\node_modules\\fsevents'
157 silly reify ]
158 verbose reify failed optional dependency C:\Users\adnan\OneDrive\Masaüstü\codingprojects\vibe code\3d-agario\node_modules\chokidar\node_modules\fsevents
159 silly reify mark deleted [
159 silly reify   'C:\\Users\\adnan\\OneDrive\\Masaüstü\\codingprojects\\vibe code\\3d-agario\\node_modules\\chokidar\\node_modules\\fsevents'
159 silly reify ]
160 timing reifyNode:node_modules/@next/swc-win32-arm64-msvc Completed in 80ms
161 timing reifyNode:node_modules/@next/swc-linux-x64-musl Completed in 80ms
162 timing reifyNode:node_modules/@next/swc-linux-x64-gnu Completed in 80ms
163 timing reifyNode:node_modules/@next/swc-linux-arm64-musl Completed in 80ms
164 timing reifyNode:node_modules/@next/swc-linux-arm64-gnu Completed in 80ms
165 timing reifyNode:node_modules/@next/swc-darwin-x64 Completed in 79ms
166 timing reifyNode:node_modules/@next/swc-darwin-arm64 Completed in 79ms
167 timing reifyNode:node_modules/sharp/node_modules/@img/sharp-win32-ia32 Completed in 79ms
168 timing reifyNode:node_modules/sharp/node_modules/@img/sharp-wasm32 Completed in 79ms
169 timing reifyNode:node_modules/sharp/node_modules/@img/sharp-linuxmusl-x64 Completed in 79ms
170 timing reifyNode:node_modules/sharp/node_modules/@img/sharp-linuxmusl-arm64 Completed in 79ms
171 timing reifyNode:node_modules/sharp/node_modules/@img/sharp-linux-x64 Completed in 79ms
172 timing reifyNode:node_modules/sharp/node_modules/@img/sharp-linux-s390x Completed in 79ms
173 timing reifyNode:node_modules/sharp/node_modules/@img/sharp-linux-arm64 Completed in 79ms
174 timing reifyNode:node_modules/sharp/node_modules/@img/sharp-linux-arm Completed in 79ms
175 timing reifyNode:node_modules/sharp/node_modules/@img/sharp-libvips-linuxmusl-x64 Completed in 79ms
176 timing reifyNode:node_modules/sharp/node_modules/@img/sharp-libvips-linuxmusl-arm64 Completed in 78ms
177 timing reifyNode:node_modules/sharp/node_modules/@img/sharp-libvips-linux-x64 Completed in 78ms
178 timing reifyNode:node_modules/sharp/node_modules/@img/sharp-libvips-linux-s390x Completed in 78ms
179 timing reifyNode:node_modules/sharp/node_modules/@img/sharp-libvips-linux-arm64 Completed in 78ms
180 timing reifyNode:node_modules/sharp/node_modules/@img/sharp-libvips-linux-arm Completed in 78ms
181 timing reifyNode:node_modules/sharp/node_modules/@img/sharp-libvips-darwin-x64 Completed in 78ms
182 timing reifyNode:node_modules/sharp/node_modules/@img/sharp-libvips-darwin-arm64 Completed in 79ms
183 timing reifyNode:node_modules/sharp/node_modules/@img/sharp-darwin-x64 Completed in 79ms
184 timing reifyNode:node_modules/sharp/node_modules/@img/sharp-darwin-arm64 Completed in 79ms
185 timing reifyNode:node_modules/lightningcss/node_modules/lightningcss-win32-arm64-msvc Completed in 78ms
186 timing reifyNode:node_modules/lightningcss/node_modules/lightningcss-linux-x64-musl Completed in 78ms
187 timing reifyNode:node_modules/lightningcss/node_modules/lightningcss-linux-x64-gnu Completed in 78ms
188 timing reifyNode:node_modules/lightningcss/node_modules/lightningcss-linux-arm64-musl Completed in 78ms
189 timing reifyNode:node_modules/lightningcss/node_modules/lightningcss-linux-arm64-gnu Completed in 78ms
190 timing reifyNode:node_modules/lightningcss/node_modules/lightningcss-linux-arm-gnueabihf Completed in 78ms
191 timing reifyNode:node_modules/lightningcss/node_modules/lightningcss-freebsd-x64 Completed in 78ms
192 timing reifyNode:node_modules/lightningcss/node_modules/lightningcss-darwin-x64 Completed in 78ms
193 timing reifyNode:node_modules/lightningcss/node_modules/lightningcss-darwin-arm64 Completed in 77ms
194 timing reifyNode:node_modules/jest-haste-map/node_modules/fsevents Completed in 78ms
195 timing reifyNode:node_modules/chokidar/node_modules/fsevents Completed in 78ms
196 timing reifyNode:node_modules/@emnapi/runtime Completed in 139ms
197 timing reify:unpack Completed in 141ms
198 timing reify:unretire Completed in 0ms
199 timing build:queue Completed in 2ms
200 timing build:deps Completed in 2ms
201 timing build Completed in 2ms
202 timing reify:build Completed in 3ms
203 timing reify:trash Completed in 46ms
204 http fetch POST 200 https://registry.npmjs.org/-/npm/v1/security/advisories/bulk 524ms
205 timing auditReport:getReport Completed in 535ms
206 silly audit report {}
207 timing auditReport:init Completed in 0ms
208 timing reify:audit Completed in 537ms
209 timing reify:save Completed in 330ms
210 timing reify Completed in 1722ms
211 silly ADD
212 silly ADD
213 silly ADD
214 silly ADD
215 silly ADD
216 silly ADD
217 silly ADD
218 silly ADD
219 silly ADD
220 silly ADD
221 silly ADD
222 silly ADD
223 silly ADD
224 silly ADD
225 silly ADD
226 silly ADD
227 silly ADD
228 silly ADD
229 silly ADD
230 silly ADD
231 silly ADD
232 silly ADD
233 silly ADD
234 silly ADD
235 silly ADD
236 silly ADD
237 silly ADD
238 silly ADD
239 silly ADD
240 silly ADD
241 silly ADD
242 silly ADD
243 silly ADD
244 silly ADD
245 silly ADD
246 silly ADD
247 silly REMOVE node_modules/esutils
248 silly ADD
249 silly REMOVE node_modules/@babel/preset-modules
250 silly REMOVE node_modules/@babel/preset-env
251 silly REMOVE node_modules/@babel/preset-env/node_modules/semver
252 silly REMOVE node_modules/@babel/plugin-transform-unicode-sets-regex
253 silly REMOVE node_modules/@babel/plugin-transform-unicode-property-regex
254 silly REMOVE node_modules/@babel/plugin-transform-unicode-escapes
255 silly REMOVE node_modules/@babel/plugin-transform-typeof-symbol
256 silly REMOVE node_modules/@babel/plugin-transform-template-literals
257 silly REMOVE node_modules/@babel/plugin-transform-reserved-words
258 silly REMOVE node_modules/@babel/plugin-transform-regexp-modifiers
259 silly REMOVE node_modules/@babel/plugin-transform-property-literals
260 silly REMOVE node_modules/@babel/plugin-transform-object-super
261 silly REMOVE node_modules/@babel/plugin-transform-new-target
262 silly REMOVE node_modules/@babel/plugin-transform-modules-umd
263 silly REMOVE node_modules/@babel/plugin-transform-modules-systemjs
264 silly REMOVE node_modules/@babel/plugin-transform-modules-amd
265 silly REMOVE node_modules/@babel/plugin-transform-member-expression-literals
266 silly REMOVE node_modules/@babel/plugin-transform-json-strings
267 silly REMOVE node_modules/@babel/plugin-transform-exponentiation-operator
268 silly REMOVE node_modules/@babel/plugin-transform-dynamic-import
269 silly REMOVE node_modules/@babel/plugin-transform-duplicate-named-capturing-groups-regex
270 silly REMOVE node_modules/@babel/plugin-transform-duplicate-keys
271 silly REMOVE node_modules/@babel/plugin-transform-dotall-regex
272 silly REMOVE node_modules/@babel/plugin-transform-class-static-block
273 silly REMOVE node_modules/@babel/plugin-transform-block-scoped-functions
274 silly REMOVE node_modules/@babel/plugin-syntax-unicode-sets-regex
275 silly REMOVE node_modules/@babel/plugin-syntax-import-assertions
276 silly REMOVE node_modules/@babel/plugin-proposal-private-property-in-object
277 silly REMOVE node_modules/@babel/plugin-bugfix-v8-static-class-fields-redefine-readonly
278 silly REMOVE node_modules/@babel/plugin-bugfix-v8-spread-parameters-in-optional-chaining
279 silly REMOVE node_modules/@babel/plugin-bugfix-safari-id-destructuring-collision-in-function-expression
280 silly REMOVE node_modules/@babel/plugin-bugfix-safari-class-field-initializer-scope
281 silly REMOVE node_modules/@babel/plugin-bugfix-firefox-class-in-computed-class-key
282 timing command:install Completed in 1737ms
283 verbose exit 0
284 timing npm Completed in 2181ms
285 info ok
